<?xml version="1.0" encoding="UTF-8"?>
<!-- Generated by org.testng.reporters.JUnitReportReporter -->
<testsuite skipped="0" hostname="STPLDEV57" name="com.stpl.deepak.gtn.companymaster.AddCompanyTest" tests="1" failures="0" timestamp="26 Apr 2019 12:07:28 GMT" time="0.006" errors="0">
  <testcase name="addCompany" time="0.006" classname="com.stpl.deepak.gtn.companymaster.AddCompanyTest"/>
</testsuite> <!-- com.stpl.deepak.gtn.companymaster.AddCompanyTest -->
