<?xml version="1.0" encoding="UTF-8"?>
<!-- Generated by org.testng.reporters.JUnitReportReporter -->
<testsuite skipped="0" hostname="STPLDEV57" name="com.stpl.deepak.gtn.companymaster.AddCompanyTest" tests="1" failures="0" timestamp="30 Apr 2019 12:14:55 GMT" time="0.012" errors="0">
  <testcase name="addCompany" time="0.012" classname="com.stpl.deepak.gtn.companymaster.AddCompanyTest"/>
</testsuite> <!-- com.stpl.deepak.gtn.companymaster.AddCompanyTest -->
