<?xml version="1.0" encoding="UTF-8"?>
<!-- Generated by org.testng.reporters.JUnitReportReporter -->
<testsuite skipped="0" hostname="STPLDEV57" name="com.stpl.deepak.gtn.login.LoginTest" tests="3" failures="0" timestamp="26 Apr 2019 07:39:23 GMT" time="96.822" errors="0">
  <testcase name="loginTest" time="37.941" classname="com.stpl.deepak.gtn.login.LoginTest"/>
  <testcase name="loginTest" time="20.797" classname="com.stpl.deepak.gtn.login.LoginTest"/>
  <testcase name="loginTest" time="38.084" classname="com.stpl.deepak.gtn.login.LoginTest"/>
</testsuite> <!-- com.stpl.deepak.gtn.login.LoginTest -->
