<?xml version="1.0" encoding="UTF-8"?>
<!-- Generated by org.testng.reporters.JUnitReportReporter -->
<testsuite skipped="0" hostname="STPLDEV57" name="com.stpl.deepak.gtn.companymaster.AddCompanyTest" tests="1" failures="0" timestamp="29 Apr 2019 12:54:05 GMT" time="0.014" errors="0">
  <testcase name="addCompany" time="0.014" classname="com.stpl.deepak.gtn.companymaster.AddCompanyTest"/>
</testsuite> <!-- com.stpl.deepak.gtn.companymaster.AddCompanyTest -->
