<?xml version="1.0" encoding="UTF-8"?>
<!-- Generated by org.testng.reporters.JUnitReportReporter -->
<testsuite skipped="0" hostname="STPLDEV57" name="GoogleSearchTest" tests="10" failures="0" timestamp="23 Apr 2019 06:51:24 GMT" time="3.656" errors="0">
  <testcase name="googleSearchButtonTest" time="0.044" classname="GoogleSearchTest"/>
  <testcase name="googleSearchBox" time="0.078" classname="GoogleSearchTest"/>
  <testcase name="googleSearchButtonTest" time="0.049" classname="GoogleSearchTest"/>
  <testcase name="googleFeelingLuckyButtonTest" time="1.040" classname="GoogleSearchTest"/>
  <testcase name="googleFeelingLuckyButtonTest" time="2.369" classname="GoogleSearchTest"/>
  <testcase name="googleUrlTest" time="0.006" classname="GoogleSearchTest"/>
  <testcase name="googleSearchBox" time="0.055" classname="GoogleSearchTest"/>
  <testcase name="googleTitleTest" time="0.006" classname="GoogleSearchTest"/>
  <testcase name="googleTitleTest" time="0.005" classname="GoogleSearchTest"/>
  <testcase name="googleUrlTest" time="0.004" classname="GoogleSearchTest"/>
</testsuite> <!-- GoogleSearchTest -->
