<?xml version="1.0" encoding="UTF-8"?>
<!-- Generated by org.testng.reporters.JUnitReportReporter -->
<testsuite skipped="0" hostname="STPLDEV57" name="com.stpl.deepak.testng.TestNgDemo" tests="2" failures="0" timestamp="23 Apr 2019 09:47:15 GMT" time="7.387" errors="0">
  <testcase name="register" time="5.176" classname="com.stpl.deepak.testng.TestNgDemo"/>
  <testcase name="support" time="2.211" classname="com.stpl.deepak.testng.TestNgDemo"/>
</testsuite> <!-- com.stpl.deepak.testng.TestNgDemo -->
