<?xml version="1.0" encoding="UTF-8"?>
<!-- Generated by org.testng.reporters.JUnitReportReporter -->
<testsuite skipped="0" hostname="STPLDEV57" name="com.stpl.deepak.testng.parameter.ParameterTest" tests="1" failures="0" timestamp="23 Apr 2019 11:28:10 GMT" time="0.008" errors="0">
  <testcase name="parameterTest" time="0.008" classname="com.stpl.deepak.testng.parameter.ParameterTest"/>
</testsuite> <!-- com.stpl.deepak.testng.parameter.ParameterTest -->
