<?xml version="1.0" encoding="UTF-8"?>
<!-- Generated by org.testng.reporters.JUnitReportReporter -->
<testsuite skipped="0" hostname="STPLDEV57" name="com.stpl.deepak.testng.FirstTestNg" tests="1" failures="0" timestamp="23 Apr 2019 09:22:34 GMT" time="16.415" errors="0">
  <testcase name="verifyHomepageTitle" time="16.415" classname="com.stpl.deepak.testng.FirstTestNg"/>
</testsuite> <!-- com.stpl.deepak.testng.FirstTestNg -->
