<?xml version="1.0" encoding="UTF-8"?>
<!-- Generated by org.testng.reporters.JUnitReportReporter -->
<testsuite skipped="0" hostname="STPLDEV57" name="com.stpl.deepak.testng.parameter.ParamTestWithdataProvider1" tests="5" failures="0" timestamp="23 Apr 2019 12:27:12 GMT" time="0.018" errors="0">
  <testcase name="testPrimeNumberChecker" time="0.002" classname="com.stpl.deepak.testng.parameter.ParamTestWithdataProvider1"/>
  <testcase name="testPrimeNumberChecker" time="0.008" classname="com.stpl.deepak.testng.parameter.ParamTestWithdataProvider1"/>
  <testcase name="testPrimeNumberChecker" time="0.001" classname="com.stpl.deepak.testng.parameter.ParamTestWithdataProvider1"/>
  <testcase name="testPrimeNumberChecker" time="0.001" classname="com.stpl.deepak.testng.parameter.ParamTestWithdataProvider1"/>
  <testcase name="testPrimeNumberChecker" time="0.006" classname="com.stpl.deepak.testng.parameter.ParamTestWithdataProvider1"/>
</testsuite> <!-- com.stpl.deepak.testng.parameter.ParamTestWithdataProvider1 -->
