<?xml version="1.0" encoding="UTF-8"?>
<!-- Generated by org.testng.reporters.JUnitReportReporter -->
<testsuite skipped="0" hostname="STPLDEV57" name="com.stpl.deepak.testng.dependencytest.DependencyTest" tests="3" failures="0" timestamp="23 Apr 2019 12:24:31 GMT" time="0.016" errors="0">
  <testcase name="initEnvironmentTest" time="0.011" classname="com.stpl.deepak.testng.dependencytest.DependencyTest"/>
  <testcase name="testSalutationMessage" time="0.002" classname="com.stpl.deepak.testng.dependencytest.DependencyTest"/>
  <testcase name="testPrintMessage" time="0.003" classname="com.stpl.deepak.testng.dependencytest.DependencyTest"/>
</testsuite> <!-- com.stpl.deepak.testng.dependencytest.DependencyTest -->
