<?xml version="1.0" encoding="UTF-8"?>
<!-- Generated by org.testng.reporters.JUnitReportReporter -->
<testsuite skipped="0" hostname="STPLDEV57" name="com.stpl.deepak.testng.parameter.ParamTestWithDataProvider2" tests="1" failures="0" timestamp="23 Apr 2019 12:32:46 GMT" time="0.010" errors="0">
  <testcase name="testMethod" time="0.010" classname="com.stpl.deepak.testng.parameter.ParamTestWithDataProvider2"/>
</testsuite> <!-- com.stpl.deepak.testng.parameter.ParamTestWithDataProvider2 -->
