<?xml version="1.0" encoding="UTF-8"?>
<!-- Generated by org.testng.reporters.JUnitReportReporter -->
<testsuite skipped="0" hostname="STPLDEV57" name="com.stpl.deepak.testng.expectiontest.ExpectedExceptionTest" tests="2" failures="0" timestamp="23 Apr 2019 10:22:12 GMT" time="0.013" errors="0">
  <testcase name="testPrintMessage" time="0.009" classname="com.stpl.deepak.testng.expectiontest.ExpectedExceptionTest"/>
  <testcase name="testSalutationMessage" time="0.004" classname="com.stpl.deepak.testng.expectiontest.ExpectedExceptionTest"/>
</testsuite> <!-- com.stpl.deepak.testng.expectiontest.ExpectedExceptionTest -->
