<?xml version="1.0" encoding="UTF-8"?>
<!-- Generated by org.testng.reporters.JUnitReportReporter -->
<testsuite skipped="0" hostname="STPLDEV57" name="com.stpl.deepak.testng.BeforeAfterTest" tests="1" failures="0" timestamp="23 Apr 2019 09:41:18 GMT" time="0.009" errors="0">
  <testcase name="verifyHomepageTitle" time="0.009" classname="com.stpl.deepak.testng.BeforeAfterTest"/>
</testsuite> <!-- com.stpl.deepak.testng.BeforeAfterTest -->
