<?xml version="1.0" encoding="UTF-8"?>
<testsuite xmlns:xsi="http://www.w3.org/2001/XMLSchema-instance" xsi:noNamespaceSchemaLocation="https://maven.apache.org/surefire/maven-surefire-plugin/xsd/surefire-test-report-3.0.xsd" version="3.0" name="TestSuite" time="571.701" tests="4" errors="0" skipped="0" failures="0">
  <properties>
    <property name="sun.desktop" value="windows"/>
    <property name="awt.toolkit" value="sun.awt.windows.WToolkit"/>
    <property name="file.encoding.pkg" value="sun.io"/>
    <property name="java.specification.version" value="1.8"/>
    <property name="webdriver.chrome.driver" value="src\\test\\resources\\chromedriver_win32\\chromedriver.exe"/>
    <property name="sun.cpu.isalist" value="amd64"/>
    <property name="sun.jnu.encoding" value="Cp1252"/>
    <property name="java.class.path" value="F:\gitrepos\Selenium\ChatbotUI\target\test-classes;F:\gitrepos\Selenium\ChatbotUI\target\classes;C:\Users\deepak\.m2\repository\org\seleniumhq\selenium\selenium-java\3.9.1\selenium-java-3.9.1.jar;C:\Users\deepak\.m2\repository\org\seleniumhq\selenium\selenium-api\3.9.1\selenium-api-3.9.1.jar;C:\Users\deepak\.m2\repository\org\seleniumhq\selenium\selenium-chrome-driver\3.9.1\selenium-chrome-driver-3.9.1.jar;C:\Users\deepak\.m2\repository\org\seleniumhq\selenium\selenium-edge-driver\3.9.1\selenium-edge-driver-3.9.1.jar;C:\Users\deepak\.m2\repository\org\seleniumhq\selenium\selenium-firefox-driver\3.9.1\selenium-firefox-driver-3.9.1.jar;C:\Users\deepak\.m2\repository\org\seleniumhq\selenium\selenium-ie-driver\3.9.1\selenium-ie-driver-3.9.1.jar;C:\Users\deepak\.m2\repository\org\seleniumhq\selenium\selenium-opera-driver\3.9.1\selenium-opera-driver-3.9.1.jar;C:\Users\deepak\.m2\repository\org\seleniumhq\selenium\selenium-remote-driver\3.9.1\selenium-remote-driver-3.9.1.jar;C:\Users\deepak\.m2\repository\org\seleniumhq\selenium\selenium-safari-driver\3.9.1\selenium-safari-driver-3.9.1.jar;C:\Users\deepak\.m2\repository\org\seleniumhq\selenium\selenium-support\3.9.1\selenium-support-3.9.1.jar;C:\Users\deepak\.m2\repository\net\bytebuddy\byte-buddy\1.7.9\byte-buddy-1.7.9.jar;C:\Users\deepak\.m2\repository\org\apache\commons\commons-exec\1.3\commons-exec-1.3.jar;C:\Users\deepak\.m2\repository\commons-codec\commons-codec\1.10\commons-codec-1.10.jar;C:\Users\deepak\.m2\repository\commons-logging\commons-logging\1.2\commons-logging-1.2.jar;C:\Users\deepak\.m2\repository\com\google\code\gson\gson\2.8.2\gson-2.8.2.jar;C:\Users\deepak\.m2\repository\com\google\guava\guava\23.6-jre\guava-23.6-jre.jar;C:\Users\deepak\.m2\repository\com\google\code\findbugs\jsr305\1.3.9\jsr305-1.3.9.jar;C:\Users\deepak\.m2\repository\org\checkerframework\checker-compat-qual\2.0.0\checker-compat-qual-2.0.0.jar;C:\Users\deepak\.m2\repository\com\google\errorprone\error_prone_annotations\2.1.3\error_prone_annotations-2.1.3.jar;C:\Users\deepak\.m2\repository\com\google\j2objc\j2objc-annotations\1.1\j2objc-annotations-1.1.jar;C:\Users\deepak\.m2\repository\org\codehaus\mojo\animal-sniffer-annotations\1.14\animal-sniffer-annotations-1.14.jar;C:\Users\deepak\.m2\repository\org\apache\httpcomponents\httpclient\4.5.3\httpclient-4.5.3.jar;C:\Users\deepak\.m2\repository\org\apache\httpcomponents\httpcore\4.4.6\httpcore-4.4.6.jar;C:\Users\deepak\.m2\repository\com\squareup\okhttp3\okhttp\3.9.1\okhttp-3.9.1.jar;C:\Users\deepak\.m2\repository\com\squareup\okio\okio\1.13.0\okio-1.13.0.jar;C:\Users\deepak\.m2\repository\org\testng\testng\6.14.2\testng-6.14.2.jar;C:\Users\deepak\.m2\repository\com\beust\jcommander\1.72\jcommander-1.72.jar;C:\Users\deepak\.m2\repository\org\apache-extras\beanshell\bsh\2.0b6\bsh-2.0b6.jar;C:\Users\deepak\.m2\repository\org\apache\maven\plugins\maven-surefire-plugin\2.21.0\maven-surefire-plugin-2.21.0.jar;C:\Users\deepak\.m2\repository\org\apache\maven\surefire\maven-surefire-common\2.21.0\maven-surefire-common-2.21.0.jar;C:\Users\deepak\.m2\repository\org\apache\maven\plugin-tools\maven-plugin-annotations\3.5\maven-plugin-annotations-3.5.jar;C:\Users\deepak\.m2\repository\org\apache\maven\surefire\surefire-api\2.21.0\surefire-api-2.21.0.jar;C:\Users\deepak\.m2\repository\org\apache\maven\surefire\surefire-logger-api\2.21.0\surefire-logger-api-2.21.0.jar;C:\Users\deepak\.m2\repository\org\apache\maven\surefire\surefire-booter\2.21.0\surefire-booter-2.21.0.jar;C:\Users\deepak\.m2\repository\org\apache\maven\maven-plugin-descriptor\2.2.1\maven-plugin-descriptor-2.2.1.jar;C:\Users\deepak\.m2\repository\org\codehaus\plexus\plexus-container-default\1.0-alpha-9-stable-1\plexus-container-default-1.0-alpha-9-stable-1.jar;C:\Users\deepak\.m2\repository\junit\junit\3.8.1\junit-3.8.1.jar;C:\Users\deepak\.m2\repository\classworlds\classworlds\1.1-alpha-2\classworlds-1.1-alpha-2.jar;C:\Users\deepak\.m2\repository\org\apache\maven\maven-project\2.2.1\maven-project-2.2.1.jar;C:\Users\deepak\.m2\repository\org\apache\maven\maven-profile\2.2.1\maven-profile-2.2.1.jar;C:\Users\deepak\.m2\repository\org\apache\maven\maven-artifact-manager\2.2.1\maven-artifact-manager-2.2.1.jar;C:\Users\deepak\.m2\repository\org\apache\maven\wagon\wagon-provider-api\1.0-beta-6\wagon-provider-api-1.0-beta-6.jar;C:\Users\deepak\.m2\repository\backport-util-concurrent\backport-util-concurrent\3.1\backport-util-concurrent-3.1.jar;C:\Users\deepak\.m2\repository\org\apache\maven\maven-plugin-registry\2.2.1\maven-plugin-registry-2.2.1.jar;C:\Users\deepak\.m2\repository\org\apache\maven\maven-model\2.2.1\maven-model-2.2.1.jar;C:\Users\deepak\.m2\repository\org\apache\maven\maven-toolchain\2.2.1\maven-toolchain-2.2.1.jar;C:\Users\deepak\.m2\repository\org\apache\maven\plugins\maven-compiler-plugin\3.7.0\maven-compiler-plugin-3.7.0.jar;C:\Users\deepak\.m2\repository\org\apache\maven\maven-plugin-api\3.0\maven-plugin-api-3.0.jar;C:\Users\deepak\.m2\repository\org\sonatype\sisu\sisu-inject-plexus\1.4.2\sisu-inject-plexus-1.4.2.jar;C:\Users\deepak\.m2\repository\org\sonatype\sisu\sisu-inject-bean\1.4.2\sisu-inject-bean-1.4.2.jar;C:\Users\deepak\.m2\repository\org\sonatype\sisu\sisu-guice\2.1.7\sisu-guice-2.1.7-noaop.jar;C:\Users\deepak\.m2\repository\org\apache\maven\maven-artifact\3.0\maven-artifact-3.0.jar;C:\Users\deepak\.m2\repository\org\codehaus\plexus\plexus-utils\2.0.4\plexus-utils-2.0.4.jar;C:\Users\deepak\.m2\repository\org\apache\maven\maven-core\3.0\maven-core-3.0.jar;C:\Users\deepak\.m2\repository\org\apache\maven\maven-settings\3.0\maven-settings-3.0.jar;C:\Users\deepak\.m2\repository\org\apache\maven\maven-settings-builder\3.0\maven-settings-builder-3.0.jar;C:\Users\deepak\.m2\repository\org\apache\maven\maven-repository-metadata\3.0\maven-repository-metadata-3.0.jar;C:\Users\deepak\.m2\repository\org\apache\maven\maven-model-builder\3.0\maven-model-builder-3.0.jar;C:\Users\deepak\.m2\repository\org\apache\maven\maven-aether-provider\3.0\maven-aether-provider-3.0.jar;C:\Users\deepak\.m2\repository\org\sonatype\aether\aether-impl\1.7\aether-impl-1.7.jar;C:\Users\deepak\.m2\repository\org\sonatype\aether\aether-spi\1.7\aether-spi-1.7.jar;C:\Users\deepak\.m2\repository\org\sonatype\aether\aether-api\1.7\aether-api-1.7.jar;C:\Users\deepak\.m2\repository\org\sonatype\aether\aether-util\1.7\aether-util-1.7.jar;C:\Users\deepak\.m2\repository\org\codehaus\plexus\plexus-interpolation\1.14\plexus-interpolation-1.14.jar;C:\Users\deepak\.m2\repository\org\codehaus\plexus\plexus-classworlds\2.2.3\plexus-classworlds-2.2.3.jar;C:\Users\deepak\.m2\repository\org\codehaus\plexus\plexus-component-annotations\1.5.5\plexus-component-annotations-1.5.5.jar;C:\Users\deepak\.m2\repository\org\sonatype\plexus\plexus-sec-dispatcher\1.3\plexus-sec-dispatcher-1.3.jar;C:\Users\deepak\.m2\repository\org\sonatype\plexus\plexus-cipher\1.4\plexus-cipher-1.4.jar;C:\Users\deepak\.m2\repository\org\apache\maven\shared\maven-shared-utils\3.1.0\maven-shared-utils-3.1.0.jar;C:\Users\deepak\.m2\repository\commons-io\commons-io\2.5\commons-io-2.5.jar;C:\Users\deepak\.m2\repository\org\apache\maven\shared\maven-shared-incremental\1.1\maven-shared-incremental-1.1.jar;C:\Users\deepak\.m2\repository\org\codehaus\plexus\plexus-java\0.9.2\plexus-java-0.9.2.jar;C:\Users\deepak\.m2\repository\org\ow2\asm\asm\6.0_BETA\asm-6.0_BETA.jar;C:\Users\deepak\.m2\repository\com\thoughtworks\qdox\qdox\2.0-M7\qdox-2.0-M7.jar;C:\Users\deepak\.m2\repository\org\codehaus\plexus\plexus-compiler-api\2.8.2\plexus-compiler-api-2.8.2.jar;C:\Users\deepak\.m2\repository\org\codehaus\plexus\plexus-compiler-manager\2.8.2\plexus-compiler-manager-2.8.2.jar;C:\Users\deepak\.m2\repository\org\codehaus\plexus\plexus-compiler-javac\2.8.2\plexus-compiler-javac-2.8.2.jar;C:\Users\deepak\.m2\repository\org\apache\poi\poi\4.0.1\poi-4.0.1.jar;C:\Users\deepak\.m2\repository\org\apache\commons\commons-collections4\4.2\commons-collections4-4.2.jar;C:\Users\deepak\.m2\repository\org\apache\commons\commons-math3\3.6.1\commons-math3-3.6.1.jar;C:\Users\deepak\.m2\repository\org\apache\poi\poi-ooxml\3.16\poi-ooxml-3.16.jar;C:\Users\deepak\.m2\repository\org\apache\poi\poi-ooxml-schemas\3.16\poi-ooxml-schemas-3.16.jar;C:\Users\deepak\.m2\repository\com\github\virtuald\curvesapi\1.04\curvesapi-1.04.jar;C:\Users\deepak\.m2\repository\org\apache\poi\ooxml-schemas\1.0\ooxml-schemas-1.0.jar;C:\Users\deepak\.m2\repository\org\apache\xmlbeans\xmlbeans\2.3.0\xmlbeans-2.3.0.jar;C:\Users\deepak\.m2\repository\stax\stax-api\1.0.1\stax-api-1.0.1.jar;C:\Users\deepak\.m2\repository\log4j\log4j\1.2.17\log4j-1.2.17.jar;"/>
    <property name="java.vm.vendor" value="Oracle Corporation"/>
    <property name="sun.arch.data.model" value="64"/>
    <property name="user.variant" value=""/>
    <property name="java.vendor.url" value="http://java.oracle.com/"/>
    <property name="user.timezone" value="Asia/Calcutta"/>
    <property name="java.vm.specification.version" value="1.8"/>
    <property name="os.name" value="Windows 10"/>
    <property name="user.country" value="IN"/>
    <property name="sun.java.launcher" value="SUN_STANDARD"/>
    <property name="sun.boot.library.path" value="C:\Program Files\Java\jdk1.8.0_181\jre\bin"/>
    <property name="sun.java.command" value="C:\Users\deepak\AppData\Local\Temp\surefire8094748764026141024\surefirebooter4457631506261888505.jar C:\Users\deepak\AppData\Local\Temp\surefire8094748764026141024 2020-08-27T14-51-41_195-jvmRun1 surefire7710148161379725308tmp surefire_07882237460716735941tmp"/>
    <property name="surefire.test.class.path" value="F:\gitrepos\Selenium\ChatbotUI\target\test-classes;F:\gitrepos\Selenium\ChatbotUI\target\classes;C:\Users\deepak\.m2\repository\org\seleniumhq\selenium\selenium-java\3.9.1\selenium-java-3.9.1.jar;C:\Users\deepak\.m2\repository\org\seleniumhq\selenium\selenium-api\3.9.1\selenium-api-3.9.1.jar;C:\Users\deepak\.m2\repository\org\seleniumhq\selenium\selenium-chrome-driver\3.9.1\selenium-chrome-driver-3.9.1.jar;C:\Users\deepak\.m2\repository\org\seleniumhq\selenium\selenium-edge-driver\3.9.1\selenium-edge-driver-3.9.1.jar;C:\Users\deepak\.m2\repository\org\seleniumhq\selenium\selenium-firefox-driver\3.9.1\selenium-firefox-driver-3.9.1.jar;C:\Users\deepak\.m2\repository\org\seleniumhq\selenium\selenium-ie-driver\3.9.1\selenium-ie-driver-3.9.1.jar;C:\Users\deepak\.m2\repository\org\seleniumhq\selenium\selenium-opera-driver\3.9.1\selenium-opera-driver-3.9.1.jar;C:\Users\deepak\.m2\repository\org\seleniumhq\selenium\selenium-remote-driver\3.9.1\selenium-remote-driver-3.9.1.jar;C:\Users\deepak\.m2\repository\org\seleniumhq\selenium\selenium-safari-driver\3.9.1\selenium-safari-driver-3.9.1.jar;C:\Users\deepak\.m2\repository\org\seleniumhq\selenium\selenium-support\3.9.1\selenium-support-3.9.1.jar;C:\Users\deepak\.m2\repository\net\bytebuddy\byte-buddy\1.7.9\byte-buddy-1.7.9.jar;C:\Users\deepak\.m2\repository\org\apache\commons\commons-exec\1.3\commons-exec-1.3.jar;C:\Users\deepak\.m2\repository\commons-codec\commons-codec\1.10\commons-codec-1.10.jar;C:\Users\deepak\.m2\repository\commons-logging\commons-logging\1.2\commons-logging-1.2.jar;C:\Users\deepak\.m2\repository\com\google\code\gson\gson\2.8.2\gson-2.8.2.jar;C:\Users\deepak\.m2\repository\com\google\guava\guava\23.6-jre\guava-23.6-jre.jar;C:\Users\deepak\.m2\repository\com\google\code\findbugs\jsr305\1.3.9\jsr305-1.3.9.jar;C:\Users\deepak\.m2\repository\org\checkerframework\checker-compat-qual\2.0.0\checker-compat-qual-2.0.0.jar;C:\Users\deepak\.m2\repository\com\google\errorprone\error_prone_annotations\2.1.3\error_prone_annotations-2.1.3.jar;C:\Users\deepak\.m2\repository\com\google\j2objc\j2objc-annotations\1.1\j2objc-annotations-1.1.jar;C:\Users\deepak\.m2\repository\org\codehaus\mojo\animal-sniffer-annotations\1.14\animal-sniffer-annotations-1.14.jar;C:\Users\deepak\.m2\repository\org\apache\httpcomponents\httpclient\4.5.3\httpclient-4.5.3.jar;C:\Users\deepak\.m2\repository\org\apache\httpcomponents\httpcore\4.4.6\httpcore-4.4.6.jar;C:\Users\deepak\.m2\repository\com\squareup\okhttp3\okhttp\3.9.1\okhttp-3.9.1.jar;C:\Users\deepak\.m2\repository\com\squareup\okio\okio\1.13.0\okio-1.13.0.jar;C:\Users\deepak\.m2\repository\org\testng\testng\6.14.2\testng-6.14.2.jar;C:\Users\deepak\.m2\repository\com\beust\jcommander\1.72\jcommander-1.72.jar;C:\Users\deepak\.m2\repository\org\apache-extras\beanshell\bsh\2.0b6\bsh-2.0b6.jar;C:\Users\deepak\.m2\repository\org\apache\maven\plugins\maven-surefire-plugin\2.21.0\maven-surefire-plugin-2.21.0.jar;C:\Users\deepak\.m2\repository\org\apache\maven\surefire\maven-surefire-common\2.21.0\maven-surefire-common-2.21.0.jar;C:\Users\deepak\.m2\repository\org\apache\maven\plugin-tools\maven-plugin-annotations\3.5\maven-plugin-annotations-3.5.jar;C:\Users\deepak\.m2\repository\org\apache\maven\surefire\surefire-api\2.21.0\surefire-api-2.21.0.jar;C:\Users\deepak\.m2\repository\org\apache\maven\surefire\surefire-logger-api\2.21.0\surefire-logger-api-2.21.0.jar;C:\Users\deepak\.m2\repository\org\apache\maven\surefire\surefire-booter\2.21.0\surefire-booter-2.21.0.jar;C:\Users\deepak\.m2\repository\org\apache\maven\maven-plugin-descriptor\2.2.1\maven-plugin-descriptor-2.2.1.jar;C:\Users\deepak\.m2\repository\org\codehaus\plexus\plexus-container-default\1.0-alpha-9-stable-1\plexus-container-default-1.0-alpha-9-stable-1.jar;C:\Users\deepak\.m2\repository\junit\junit\3.8.1\junit-3.8.1.jar;C:\Users\deepak\.m2\repository\classworlds\classworlds\1.1-alpha-2\classworlds-1.1-alpha-2.jar;C:\Users\deepak\.m2\repository\org\apache\maven\maven-project\2.2.1\maven-project-2.2.1.jar;C:\Users\deepak\.m2\repository\org\apache\maven\maven-profile\2.2.1\maven-profile-2.2.1.jar;C:\Users\deepak\.m2\repository\org\apache\maven\maven-artifact-manager\2.2.1\maven-artifact-manager-2.2.1.jar;C:\Users\deepak\.m2\repository\org\apache\maven\wagon\wagon-provider-api\1.0-beta-6\wagon-provider-api-1.0-beta-6.jar;C:\Users\deepak\.m2\repository\backport-util-concurrent\backport-util-concurrent\3.1\backport-util-concurrent-3.1.jar;C:\Users\deepak\.m2\repository\org\apache\maven\maven-plugin-registry\2.2.1\maven-plugin-registry-2.2.1.jar;C:\Users\deepak\.m2\repository\org\apache\maven\maven-model\2.2.1\maven-model-2.2.1.jar;C:\Users\deepak\.m2\repository\org\apache\maven\maven-toolchain\2.2.1\maven-toolchain-2.2.1.jar;C:\Users\deepak\.m2\repository\org\apache\maven\plugins\maven-compiler-plugin\3.7.0\maven-compiler-plugin-3.7.0.jar;C:\Users\deepak\.m2\repository\org\apache\maven\maven-plugin-api\3.0\maven-plugin-api-3.0.jar;C:\Users\deepak\.m2\repository\org\sonatype\sisu\sisu-inject-plexus\1.4.2\sisu-inject-plexus-1.4.2.jar;C:\Users\deepak\.m2\repository\org\sonatype\sisu\sisu-inject-bean\1.4.2\sisu-inject-bean-1.4.2.jar;C:\Users\deepak\.m2\repository\org\sonatype\sisu\sisu-guice\2.1.7\sisu-guice-2.1.7-noaop.jar;C:\Users\deepak\.m2\repository\org\apache\maven\maven-artifact\3.0\maven-artifact-3.0.jar;C:\Users\deepak\.m2\repository\org\codehaus\plexus\plexus-utils\2.0.4\plexus-utils-2.0.4.jar;C:\Users\deepak\.m2\repository\org\apache\maven\maven-core\3.0\maven-core-3.0.jar;C:\Users\deepak\.m2\repository\org\apache\maven\maven-settings\3.0\maven-settings-3.0.jar;C:\Users\deepak\.m2\repository\org\apache\maven\maven-settings-builder\3.0\maven-settings-builder-3.0.jar;C:\Users\deepak\.m2\repository\org\apache\maven\maven-repository-metadata\3.0\maven-repository-metadata-3.0.jar;C:\Users\deepak\.m2\repository\org\apache\maven\maven-model-builder\3.0\maven-model-builder-3.0.jar;C:\Users\deepak\.m2\repository\org\apache\maven\maven-aether-provider\3.0\maven-aether-provider-3.0.jar;C:\Users\deepak\.m2\repository\org\sonatype\aether\aether-impl\1.7\aether-impl-1.7.jar;C:\Users\deepak\.m2\repository\org\sonatype\aether\aether-spi\1.7\aether-spi-1.7.jar;C:\Users\deepak\.m2\repository\org\sonatype\aether\aether-api\1.7\aether-api-1.7.jar;C:\Users\deepak\.m2\repository\org\sonatype\aether\aether-util\1.7\aether-util-1.7.jar;C:\Users\deepak\.m2\repository\org\codehaus\plexus\plexus-interpolation\1.14\plexus-interpolation-1.14.jar;C:\Users\deepak\.m2\repository\org\codehaus\plexus\plexus-classworlds\2.2.3\plexus-classworlds-2.2.3.jar;C:\Users\deepak\.m2\repository\org\codehaus\plexus\plexus-component-annotations\1.5.5\plexus-component-annotations-1.5.5.jar;C:\Users\deepak\.m2\repository\org\sonatype\plexus\plexus-sec-dispatcher\1.3\plexus-sec-dispatcher-1.3.jar;C:\Users\deepak\.m2\repository\org\sonatype\plexus\plexus-cipher\1.4\plexus-cipher-1.4.jar;C:\Users\deepak\.m2\repository\org\apache\maven\shared\maven-shared-utils\3.1.0\maven-shared-utils-3.1.0.jar;C:\Users\deepak\.m2\repository\commons-io\commons-io\2.5\commons-io-2.5.jar;C:\Users\deepak\.m2\repository\org\apache\maven\shared\maven-shared-incremental\1.1\maven-shared-incremental-1.1.jar;C:\Users\deepak\.m2\repository\org\codehaus\plexus\plexus-java\0.9.2\plexus-java-0.9.2.jar;C:\Users\deepak\.m2\repository\org\ow2\asm\asm\6.0_BETA\asm-6.0_BETA.jar;C:\Users\deepak\.m2\repository\com\thoughtworks\qdox\qdox\2.0-M7\qdox-2.0-M7.jar;C:\Users\deepak\.m2\repository\org\codehaus\plexus\plexus-compiler-api\2.8.2\plexus-compiler-api-2.8.2.jar;C:\Users\deepak\.m2\repository\org\codehaus\plexus\plexus-compiler-manager\2.8.2\plexus-compiler-manager-2.8.2.jar;C:\Users\deepak\.m2\repository\org\codehaus\plexus\plexus-compiler-javac\2.8.2\plexus-compiler-javac-2.8.2.jar;C:\Users\deepak\.m2\repository\org\apache\poi\poi\4.0.1\poi-4.0.1.jar;C:\Users\deepak\.m2\repository\org\apache\commons\commons-collections4\4.2\commons-collections4-4.2.jar;C:\Users\deepak\.m2\repository\org\apache\commons\commons-math3\3.6.1\commons-math3-3.6.1.jar;C:\Users\deepak\.m2\repository\org\apache\poi\poi-ooxml\3.16\poi-ooxml-3.16.jar;C:\Users\deepak\.m2\repository\org\apache\poi\poi-ooxml-schemas\3.16\poi-ooxml-schemas-3.16.jar;C:\Users\deepak\.m2\repository\com\github\virtuald\curvesapi\1.04\curvesapi-1.04.jar;C:\Users\deepak\.m2\repository\org\apache\poi\ooxml-schemas\1.0\ooxml-schemas-1.0.jar;C:\Users\deepak\.m2\repository\org\apache\xmlbeans\xmlbeans\2.3.0\xmlbeans-2.3.0.jar;C:\Users\deepak\.m2\repository\stax\stax-api\1.0.1\stax-api-1.0.1.jar;C:\Users\deepak\.m2\repository\log4j\log4j\1.2.17\log4j-1.2.17.jar;"/>
    <property name="sun.cpu.endian" value="little"/>
    <property name="user.home" value="C:\Users\deepak"/>
    <property name="user.language" value="en"/>
    <property name="java.specification.vendor" value="Oracle Corporation"/>
    <property name="java.home" value="C:\Program Files\Java\jdk1.8.0_181\jre"/>
    <property name="basedir" value="F:\gitrepos\Selenium\ChatbotUI"/>
    <property name="file.separator" value="\"/>
    <property name="line.separator" value="&#10;"/>
    <property name="java.vm.specification.vendor" value="Oracle Corporation"/>
    <property name="java.specification.name" value="Java Platform API Specification"/>
    <property name="java.awt.graphicsenv" value="sun.awt.Win32GraphicsEnvironment"/>
    <property name="surefire.real.class.path" value="C:\Users\deepak\AppData\Local\Temp\surefire8094748764026141024\surefirebooter4457631506261888505.jar"/>
    <property name="sun.boot.class.path" value="C:\Program Files\Java\jdk1.8.0_181\jre\lib\resources.jar;C:\Program Files\Java\jdk1.8.0_181\jre\lib\rt.jar;C:\Program Files\Java\jdk1.8.0_181\jre\lib\sunrsasign.jar;C:\Program Files\Java\jdk1.8.0_181\jre\lib\jsse.jar;C:\Program Files\Java\jdk1.8.0_181\jre\lib\jce.jar;C:\Program Files\Java\jdk1.8.0_181\jre\lib\charsets.jar;C:\Program Files\Java\jdk1.8.0_181\jre\lib\jfr.jar;C:\Program Files\Java\jdk1.8.0_181\jre\classes"/>
    <property name="user.script" value=""/>
    <property name="sun.management.compiler" value="HotSpot 64-Bit Tiered Compilers"/>
    <property name="java.runtime.version" value="1.8.0_181-b13"/>
    <property name="user.name" value="deepak"/>
    <property name="path.separator" value=";"/>
    <property name="os.version" value="10.0"/>
    <property name="java.endorsed.dirs" value="C:\Program Files\Java\jdk1.8.0_181\jre\lib\endorsed"/>
    <property name="java.runtime.name" value="Java(TM) SE Runtime Environment"/>
    <property name="file.encoding" value="Cp1252"/>
    <property name="java.vm.name" value="Java HotSpot(TM) 64-Bit Server VM"/>
    <property name="localRepository" value="C:\Users\deepak\.m2\repository"/>
    <property name="java.vendor.url.bug" value="http://bugreport.sun.com/bugreport/"/>
    <property name="java.io.tmpdir" value="C:\Users\deepak\AppData\Local\Temp\"/>
    <property name="java.version" value="1.8.0_181"/>
    <property name="user.dir" value="F:\gitrepos\Selenium\ChatbotUI"/>
    <property name="os.arch" value="amd64"/>
    <property name="java.vm.specification.name" value="Java Virtual Machine Specification"/>
    <property name="java.awt.printerjob" value="sun.awt.windows.WPrinterJob"/>
    <property name="sun.os.patch.level" value=""/>
    <property name="java.library.path" value="C:\Program Files\Java\jdk1.8.0_181\jre\bin;C:\WINDOWS\Sun\Java\bin;C:\WINDOWS\system32;C:\WINDOWS;C:/Program Files/Java/jre1.8.0_181/bin/server;C:/Program Files/Java/jre1.8.0_181/bin;C:/Program Files/Java/jre1.8.0_181/lib/amd64;C:\Python38\Scripts\;C:\Python38\;C:\Program Files (x86)\Common Files\Oracle\Java\javapath;C:\WINDOWS\system32;C:\WINDOWS;C:\WINDOWS\System32\Wbem;C:\WINDOWS\System32\WindowsPowerShell\v1.0\;C:\WINDOWS\System32\OpenSSH\;C:\Program Files\Java\jdk1.8.0_181\bin;C:\Users\deepak\AppData\Roaming\nvm;C:\Program Files\nodejs;C:\Program Files\PuTTY\;C:\Program Files\Git\cmd;C:\ProgramData\chocolatey\bin;;C:\Program Files\Cloud Foundry;C:\Users\deepak\AppData\Roaming\Cloud Foundry;C:\Program Files\nodejs\;C:\Users\deepak\AppData\Local\Programs\Python\Python37-32\Scripts\;C:\Users\deepak\AppData\Local\Programs\Python\Python37-32\;C:\Users\deepak\AppData\Local\Microsoft\WindowsApps;C:\Users\deepak\AppData\Local\Programs\Microsoft VS Code\bin;C:\Program Files\MongoDB\Server\3.6\bin;C:\Users\deepak\AppData\Local\GitHubDesktop\bin;C:\Program Files\Java\jdk1.8.0_181\bin;C:\Users\deepak\Downloads\Compressed\apache-maven-3.6.1-bin\apache-maven-3.6.1\bin;C:\Users\deepak\AppData\Local\Microsoft\WindowsApps;C:\Users\deepak\AppData\Roaming\nvm;C:\Program Files\nodejs;E:\flutter\bin;C:\Users\deepak\AppData\Local\Android\Sdk\tools;C:\Users\deepak\AppData\Local\Android\Sdk\platform-tools;;C:\Program Files\Docker Toolbox;C:\Program Files\JetBrains\PyCharm 2020.1.1\bin;;C:\Program Files\heroku\bin;C:\Users\deepak\AppData\Roaming\npm;C:\WINDOWS\system32;;."/>
    <property name="java.vm.info" value="mixed mode"/>
    <property name="java.vendor" value="Oracle Corporation"/>
    <property name="java.vm.version" value="25.181-b13"/>
    <property name="java.ext.dirs" value="C:\Program Files\Java\jdk1.8.0_181\jre\lib\ext;C:\WINDOWS\Sun\Java\lib\ext"/>
    <property name="sun.io.unicode.encoding" value="UnicodeLittle"/>
    <property name="java.class.version" value="52.0"/>
  </properties>
  <testcase name="testOutlook[webdriver.chrome.driver, src\\test\\resources\\chromedriver_win32\\chromedriver.exe, http://localhost:4200/, 1](1)" classname="com.isl.rnd.chatbotui.ChatBotUI" time="123.761">
    <system-out><![CDATA[File read from :src\\test\\resources\\excel\\ChatbotUI.xlsx
File read from :src\\test\\resources\\excel\\ChatbotUI.xlsx
File read from :src\\test\\resources\\excel\\ChatbotUI.xlsx
File read from :src\\test\\resources\\excel\\ChatbotUI.xlsx
SheetNo: 1  row:  1    column:  1
SheetNo: 1  row:  1    column:  3
SheetNo: 1  row:  1    column:  4
SheetNo: 1  row:  1    column:  5
Click id chat-button
id-------------- chat-button
[[ChromeDriver: chrome on WINDOWS (ba493dbe02a3c5c497e47f15d66ed4d3)] -> id: chat-button]
Click
SheetNo: 1  row:  1    column:  6
SheetNo: 1  row:  1    column:  6
SheetNo: 1  row:  2    column:  1
SheetNo: 1  row:  2    column:  3
SheetNo: 1  row:  2    column:  4
SheetNo: 1  row:  2    column:  5
Click id main_menu_0_0
id-------------- main_menu_0_0
[[ChromeDriver: chrome on WINDOWS (ba493dbe02a3c5c497e47f15d66ed4d3)] -> id: main_menu_0_0]
Click
SheetNo: 1  row:  2    column:  6
SheetNo: 1  row:  2    column:  6
SheetNo: 1  row:  3    column:  1
SheetNo: 1  row:  3    column:  3
SheetNo: 1  row:  3    column:  4
SheetNo: 1  row:  3    column:  5
Click id sub_menu_2_5
id-------------- sub_menu_2_5
[[ChromeDriver: chrome on WINDOWS (ba493dbe02a3c5c497e47f15d66ed4d3)] -> id: sub_menu_2_5]
Click
SheetNo: 1  row:  3    column:  6
SheetNo: 1  row:  3    column:  6
SheetNo: 1  row:  4    column:  1
SheetNo: 1  row:  5    column:  1
SheetNo: 1  row:  5    column:  3
SheetNo: 1  row:  5    column:  4
SheetNo: 1  row:  5    column:  5
Click id like_button_3
id-------------- like_button_3
[[ChromeDriver: chrome on WINDOWS (ba493dbe02a3c5c497e47f15d66ed4d3)] -> id: like_button_3]
Click
SheetNo: 1  row:  5    column:  6
SheetNo: 1  row:  5    column:  6
SheetNo: 1  row:  6    column:  1
SheetNo: 1  row:  6    column:  3
SheetNo: 1  row:  6    column:  4
SheetNo: 1  row:  6    column:  5
Click id like_button_5
id-------------- like_button_5
[[ChromeDriver: chrome on WINDOWS (ba493dbe02a3c5c497e47f15d66ed4d3)] -> id: like_button_5]
Click
SheetNo: 1  row:  6    column:  6
SheetNo: 1  row:  6    column:  6
SheetNo: 1  row:  7    column:  1
SheetNo: 1  row:  7    column:  3
SheetNo: 1  row:  7    column:  4
SheetNo: 1  row:  7    column:  5
Entertext id chat-input
id-------------- chat-input
[[ChromeDriver: chrome on WINDOWS (ba493dbe02a3c5c497e47f15d66ed4d3)] -> id: chat-input]
SheetNo: 1  row:  7    column:  2
Entertext
SheetNo: 1  row:  8    column:  1
SheetNo: 1  row:  8    column:  3
SheetNo: 1  row:  8    column:  4
SheetNo: 1  row:  8    column:  5
Click id send-button
id-------------- send-button
[[ChromeDriver: chrome on WINDOWS (ba493dbe02a3c5c497e47f15d66ed4d3)] -> id: send-button]
Click
SheetNo: 1  row:  8    column:  6
SheetNo: 1  row:  8    column:  6
SheetNo: 1  row:  9    column:  1
SheetNo: 1  row:  9    column:  3
SheetNo: 1  row:  9    column:  4
SheetNo: 1  row:  9    column:  5
Click id sub_menu_9_5
id-------------- sub_menu_9_5
[[ChromeDriver: chrome on WINDOWS (ba493dbe02a3c5c497e47f15d66ed4d3)] -> id: sub_menu_9_5]
Click
SheetNo: 1  row:  9    column:  6
SheetNo: 1  row:  9    column:  6
SheetNo: 1  row:  10    column:  1
SheetNo: 1  row:  11    column:  1
SheetNo: 1  row:  11    column:  3
SheetNo: 1  row:  11    column:  4
SheetNo: 1  row:  11    column:  5
Click id dislike_button_10
id-------------- dislike_button_10
[[ChromeDriver: chrome on WINDOWS (ba493dbe02a3c5c497e47f15d66ed4d3)] -> id: dislike_button_10]
Click
SheetNo: 1  row:  11    column:  6
SheetNo: 1  row:  11    column:  6
SheetNo: 1  row:  12    column:  1
SheetNo: 1  row:  12    column:  3
SheetNo: 1  row:  12    column:  4
SheetNo: 1  row:  12    column:  5
Click id dislike_button_12
id-------------- dislike_button_12
[[ChromeDriver: chrome on WINDOWS (ba493dbe02a3c5c497e47f15d66ed4d3)] -> id: dislike_button_12]
Click
SheetNo: 1  row:  12    column:  6
SheetNo: 1  row:  12    column:  6
SheetNo: 1  row:  13    column:  1
SheetNo: 1  row:  13    column:  3
SheetNo: 1  row:  13    column:  4
SheetNo: 1  row:  13    column:  5
Click id like_button_13
id-------------- like_button_13
[[ChromeDriver: chrome on WINDOWS (ba493dbe02a3c5c497e47f15d66ed4d3)] -> id: like_button_13]
Click
SheetNo: 1  row:  13    column:  6
SheetNo: 1  row:  13    column:  6
SheetNo: 1  row:  14    column:  1
SheetNo: 1  row:  14    column:  3
SheetNo: 1  row:  14    column:  4
SheetNo: 1  row:  14    column:  5
Entertext id chat-input
id-------------- chat-input
[[ChromeDriver: chrome on WINDOWS (ba493dbe02a3c5c497e47f15d66ed4d3)] -> id: chat-input]
SheetNo: 1  row:  14    column:  2
Entertext
SheetNo: 1  row:  15    column:  1
SheetNo: 1  row:  15    column:  3
SheetNo: 1  row:  15    column:  4
SheetNo: 1  row:  15    column:  5
Click id send-button
id-------------- send-button
[[ChromeDriver: chrome on WINDOWS (ba493dbe02a3c5c497e47f15d66ed4d3)] -> id: send-button]
Click
SheetNo: 1  row:  15    column:  6
SheetNo: 1  row:  15    column:  6
SheetNo: 1  row:  16    column:  1
SheetNo: 1  row:  16    column:  3
SheetNo: 1  row:  16    column:  4
SheetNo: 1  row:  16    column:  5
Click id sub_menu_17_5
id-------------- sub_menu_17_5
[[ChromeDriver: chrome on WINDOWS (ba493dbe02a3c5c497e47f15d66ed4d3)] -> id: sub_menu_17_5]
Click
SheetNo: 1  row:  16    column:  6
SheetNo: 1  row:  16    column:  6
SheetNo: 1  row:  17    column:  1
SheetNo: 1  row:  18    column:  1
SheetNo: 1  row:  18    column:  3
SheetNo: 1  row:  18    column:  4
SheetNo: 1  row:  18    column:  5
Click id dislike_button_18
id-------------- dislike_button_18
[[ChromeDriver: chrome on WINDOWS (ba493dbe02a3c5c497e47f15d66ed4d3)] -> id: dislike_button_18]
Click
SheetNo: 1  row:  18    column:  6
SheetNo: 1  row:  18    column:  6
SheetNo: 1  row:  19    column:  1
SheetNo: 1  row:  19    column:  3
SheetNo: 1  row:  19    column:  4
SheetNo: 1  row:  19    column:  5
Click id like_button_20
id-------------- like_button_20
[[ChromeDriver: chrome on WINDOWS (ba493dbe02a3c5c497e47f15d66ed4d3)] -> id: like_button_20]
Click
SheetNo: 1  row:  19    column:  6
SheetNo: 1  row:  19    column:  6
SheetNo: 1  row:  20    column:  1
SheetNo: 1  row:  20    column:  3
SheetNo: 1  row:  20    column:  4
SheetNo: 1  row:  20    column:  5
Entertext id chat-input
id-------------- chat-input
[[ChromeDriver: chrome on WINDOWS (ba493dbe02a3c5c497e47f15d66ed4d3)] -> id: chat-input]
SheetNo: 1  row:  20    column:  2
Entertext
SheetNo: 1  row:  21    column:  1
SheetNo: 1  row:  21    column:  3
SheetNo: 1  row:  21    column:  4
SheetNo: 1  row:  21    column:  5
Click id send-button
id-------------- send-button
[[ChromeDriver: chrome on WINDOWS (ba493dbe02a3c5c497e47f15d66ed4d3)] -> id: send-button]
Click
SheetNo: 1  row:  21    column:  6
SheetNo: 1  row:  21    column:  6
SheetNo: 1  row:  22    column:  1
SheetNo: 1  row:  22    column:  3
SheetNo: 1  row:  22    column:  4
SheetNo: 1  row:  22    column:  5
Click id sub_menu_25_6
id-------------- sub_menu_25_6
[[ChromeDriver: chrome on WINDOWS (ba493dbe02a3c5c497e47f15d66ed4d3)] -> id: sub_menu_25_6]
Click
SheetNo: 1  row:  22    column:  6
SheetNo: 1  row:  22    column:  6
SheetNo: 1  row:  23    column:  1
SheetNo: 1  row:  24    column:  1
SheetNo: 1  row:  24    column:  3
SheetNo: 1  row:  24    column:  4
SheetNo: 1  row:  24    column:  5
Click id like_button_26
id-------------- like_button_26
[[ChromeDriver: chrome on WINDOWS (ba493dbe02a3c5c497e47f15d66ed4d3)] -> id: like_button_26]
Click
SheetNo: 1  row:  24    column:  6
SheetNo: 1  row:  24    column:  6
SheetNo: 1  row:  25    column:  1
SheetNo: 1  row:  25    column:  3
SheetNo: 1  row:  25    column:  4
SheetNo: 1  row:  25    column:  5
Click id like_button_28
id-------------- like_button_28
[[ChromeDriver: chrome on WINDOWS (ba493dbe02a3c5c497e47f15d66ed4d3)] -> id: like_button_28]
Click
SheetNo: 1  row:  25    column:  6
SheetNo: 1  row:  25    column:  6
SheetNo: 1  row:  26    column:  1
SheetNo: 1  row:  26    column:  3
SheetNo: 1  row:  26    column:  4
SheetNo: 1  row:  26    column:  5
Entertext id chat-input
id-------------- chat-input
[[ChromeDriver: chrome on WINDOWS (ba493dbe02a3c5c497e47f15d66ed4d3)] -> id: chat-input]
SheetNo: 1  row:  26    column:  2
Entertext
SheetNo: 1  row:  27    column:  1
SheetNo: 1  row:  27    column:  3
SheetNo: 1  row:  27    column:  4
SheetNo: 1  row:  27    column:  5
Click id send-button
id-------------- send-button
[[ChromeDriver: chrome on WINDOWS (ba493dbe02a3c5c497e47f15d66ed4d3)] -> id: send-button]
Click
SheetNo: 1  row:  27    column:  6
SheetNo: 1  row:  27    column:  6
SheetNo: 1  row:  28    column:  1
SheetNo: 1  row:  28    column:  3
SheetNo: 1  row:  28    column:  4
SheetNo: 1  row:  28    column:  5
Click id sub_menu_32_6
id-------------- sub_menu_32_6
[[ChromeDriver: chrome on WINDOWS (ba493dbe02a3c5c497e47f15d66ed4d3)] -> id: sub_menu_32_6]
Click
SheetNo: 1  row:  28    column:  6
SheetNo: 1  row:  28    column:  6
SheetNo: 1  row:  29    column:  1
SheetNo: 1  row:  30    column:  1
SheetNo: 1  row:  30    column:  3
SheetNo: 1  row:  30    column:  4
SheetNo: 1  row:  30    column:  5
Click id dislike_button_33
id-------------- dislike_button_33
[[ChromeDriver: chrome on WINDOWS (ba493dbe02a3c5c497e47f15d66ed4d3)] -> id: dislike_button_33]
Click
SheetNo: 1  row:  30    column:  6
SheetNo: 1  row:  30    column:  6
SheetNo: 1  row:  31    column:  1
SheetNo: 1  row:  31    column:  3
SheetNo: 1  row:  31    column:  4
SheetNo: 1  row:  31    column:  5
Click id dislike_button_35
id-------------- dislike_button_35
[[ChromeDriver: chrome on WINDOWS (ba493dbe02a3c5c497e47f15d66ed4d3)] -> id: dislike_button_35]
Click
SheetNo: 1  row:  31    column:  6
SheetNo: 1  row:  31    column:  6
SheetNo: 1  row:  32    column:  1
SheetNo: 1  row:  32    column:  3
SheetNo: 1  row:  32    column:  4
SheetNo: 1  row:  32    column:  5
Click id like_button_36
id-------------- like_button_36
[[ChromeDriver: chrome on WINDOWS (ba493dbe02a3c5c497e47f15d66ed4d3)] -> id: like_button_36]
Click
SheetNo: 1  row:  32    column:  6
SheetNo: 1  row:  32    column:  6
SheetNo: 1  row:  33    column:  1
SheetNo: 1  row:  33    column:  3
SheetNo: 1  row:  33    column:  4
SheetNo: 1  row:  33    column:  5
Entertext id chat-input
id-------------- chat-input
[[ChromeDriver: chrome on WINDOWS (ba493dbe02a3c5c497e47f15d66ed4d3)] -> id: chat-input]
SheetNo: 1  row:  33    column:  2
Entertext
SheetNo: 1  row:  34    column:  1
SheetNo: 1  row:  34    column:  3
SheetNo: 1  row:  34    column:  4
SheetNo: 1  row:  34    column:  5
Click id send-button
id-------------- send-button
[[ChromeDriver: chrome on WINDOWS (ba493dbe02a3c5c497e47f15d66ed4d3)] -> id: send-button]
Click
SheetNo: 1  row:  34    column:  6
SheetNo: 1  row:  34    column:  6
SheetNo: 1  row:  35    column:  1
SheetNo: 1  row:  35    column:  3
SheetNo: 1  row:  35    column:  4
SheetNo: 1  row:  35    column:  5
Click id sub_menu_40_6
id-------------- sub_menu_40_6
[[ChromeDriver: chrome on WINDOWS (ba493dbe02a3c5c497e47f15d66ed4d3)] -> id: sub_menu_40_6]
Click
SheetNo: 1  row:  35    column:  6
SheetNo: 1  row:  35    column:  6
SheetNo: 1  row:  36    column:  1
SheetNo: 1  row:  37    column:  1
SheetNo: 1  row:  37    column:  3
SheetNo: 1  row:  37    column:  4
SheetNo: 1  row:  37    column:  5
Click id dislike_button_41
id-------------- dislike_button_41
[[ChromeDriver: chrome on WINDOWS (ba493dbe02a3c5c497e47f15d66ed4d3)] -> id: dislike_button_41]
Click
SheetNo: 1  row:  37    column:  6
SheetNo: 1  row:  37    column:  6
SheetNo: 1  row:  38    column:  1
SheetNo: 1  row:  38    column:  3
SheetNo: 1  row:  38    column:  4
SheetNo: 1  row:  38    column:  5
Click id like_button_43
id-------------- like_button_43
[[ChromeDriver: chrome on WINDOWS (ba493dbe02a3c5c497e47f15d66ed4d3)] -> id: like_button_43]
Click
SheetNo: 1  row:  38    column:  6
SheetNo: 1  row:  38    column:  6
]]></system-out>
    <system-err><![CDATA[Starting ChromeDriver 84.0.4147.30 (48b3e868b4cc0aa7e8149519690b6f6949e110a8-refs/branch-heads/4147@{#310}) on port 1037
Only local connections are allowed.
Please see https://chromedriver.chromium.org/security-considerations for suggestions on keeping ChromeDriver safe.
ChromeDriver was started successfully.
Aug 27, 2020 2:51:50 PM org.openqa.selenium.remote.ProtocolHandshake createSession
INFO: Detected dialect: W3C
]]></system-err>
  </testcase>
  <testcase name="printerTest[webdriver.chrome.driver, src\\test\\resources\\chromedriver_win32\\chromedriver.exe, http://localhost:4200/, 0](1)" classname="com.isl.rnd.chatbotui.Printer" time="79.047">
    <system-out><![CDATA[0
20
webdriver.chrome.driver   src\\test\\resources\\chromedriver_win32\\chromedriver.exe
SheetNo: 0  row:  1    column:  1
SheetNo: 0  row:  1    column:  3
SheetNo: 0  row:  1    column:  4
SheetNo: 0  row:  1    column:  5
Click id chat-button
id-------------- chat-button
[[ChromeDriver: chrome on WINDOWS (dc101ba4c498ccb9276a2646b38dd1c2)] -> id: chat-button]
Click
SheetNo: 0  row:  1    column:  6
SheetNo: 0  row:  1    column:  6
SheetNo: 0  row:  2    column:  1
SheetNo: 0  row:  2    column:  3
SheetNo: 0  row:  2    column:  4
SheetNo: 0  row:  2    column:  5
Click id main_menu_0_1
id-------------- main_menu_0_1
[[ChromeDriver: chrome on WINDOWS (dc101ba4c498ccb9276a2646b38dd1c2)] -> id: main_menu_0_1]
Click
SheetNo: 0  row:  2    column:  6
SheetNo: 0  row:  2    column:  6
SheetNo: 0  row:  3    column:  1
SheetNo: 0  row:  3    column:  3
SheetNo: 0  row:  3    column:  4
SheetNo: 0  row:  3    column:  5
Click id sub_menu_2_0
id-------------- sub_menu_2_0
[[ChromeDriver: chrome on WINDOWS (dc101ba4c498ccb9276a2646b38dd1c2)] -> id: sub_menu_2_0]
Click
SheetNo: 0  row:  3    column:  6
SheetNo: 0  row:  3    column:  6
SheetNo: 0  row:  4    column:  1
SheetNo: 0  row:  5    column:  1
SheetNo: 0  row:  5    column:  3
SheetNo: 0  row:  5    column:  4
SheetNo: 0  row:  5    column:  5
Click id like_button_3
id-------------- like_button_3
[[ChromeDriver: chrome on WINDOWS (dc101ba4c498ccb9276a2646b38dd1c2)] -> id: like_button_3]
Click
SheetNo: 0  row:  5    column:  6
SheetNo: 0  row:  5    column:  6
SheetNo: 0  row:  6    column:  1
SheetNo: 0  row:  6    column:  3
SheetNo: 0  row:  6    column:  4
SheetNo: 0  row:  6    column:  5
Click id like_button_5
id-------------- like_button_5
[[ChromeDriver: chrome on WINDOWS (dc101ba4c498ccb9276a2646b38dd1c2)] -> id: like_button_5]
Click
SheetNo: 0  row:  6    column:  6
SheetNo: 0  row:  6    column:  6
SheetNo: 0  row:  7    column:  1
SheetNo: 0  row:  7    column:  3
SheetNo: 0  row:  7    column:  4
SheetNo: 0  row:  7    column:  5
Entertext id chat-input
id-------------- chat-input
[[ChromeDriver: chrome on WINDOWS (dc101ba4c498ccb9276a2646b38dd1c2)] -> id: chat-input]
SheetNo: 0  row:  7    column:  2
Entertext
SheetNo: 0  row:  8    column:  1
SheetNo: 0  row:  8    column:  3
SheetNo: 0  row:  8    column:  4
SheetNo: 0  row:  8    column:  5
Click id send-button
id-------------- send-button
[[ChromeDriver: chrome on WINDOWS (dc101ba4c498ccb9276a2646b38dd1c2)] -> id: send-button]
Click
SheetNo: 0  row:  8    column:  6
SheetNo: 0  row:  8    column:  6
SheetNo: 0  row:  9    column:  1
SheetNo: 0  row:  9    column:  3
SheetNo: 0  row:  9    column:  4
SheetNo: 0  row:  9    column:  5
Click id sub_menu_9_0
id-------------- sub_menu_9_0
[[ChromeDriver: chrome on WINDOWS (dc101ba4c498ccb9276a2646b38dd1c2)] -> id: sub_menu_9_0]
Click
SheetNo: 0  row:  9    column:  6
SheetNo: 0  row:  9    column:  6
SheetNo: 0  row:  10    column:  1
SheetNo: 0  row:  11    column:  1
SheetNo: 0  row:  11    column:  3
SheetNo: 0  row:  11    column:  4
SheetNo: 0  row:  11    column:  5
Click id dislike_button_10
id-------------- dislike_button_10
[[ChromeDriver: chrome on WINDOWS (dc101ba4c498ccb9276a2646b38dd1c2)] -> id: dislike_button_10]
Click
SheetNo: 0  row:  11    column:  6
SheetNo: 0  row:  11    column:  6
SheetNo: 0  row:  12    column:  1
SheetNo: 0  row:  12    column:  3
SheetNo: 0  row:  12    column:  4
SheetNo: 0  row:  12    column:  5
Click id dislike_button_12
id-------------- dislike_button_12
[[ChromeDriver: chrome on WINDOWS (dc101ba4c498ccb9276a2646b38dd1c2)] -> id: dislike_button_12]
Click
SheetNo: 0  row:  12    column:  6
SheetNo: 0  row:  12    column:  6
SheetNo: 0  row:  13    column:  1
SheetNo: 0  row:  13    column:  3
SheetNo: 0  row:  13    column:  4
SheetNo: 0  row:  13    column:  5
Click id like_button_13
id-------------- like_button_13
[[ChromeDriver: chrome on WINDOWS (dc101ba4c498ccb9276a2646b38dd1c2)] -> id: like_button_13]
Click
SheetNo: 0  row:  13    column:  6
SheetNo: 0  row:  13    column:  6
SheetNo: 0  row:  14    column:  1
SheetNo: 0  row:  14    column:  3
SheetNo: 0  row:  14    column:  4
SheetNo: 0  row:  14    column:  5
Entertext id chat-input
id-------------- chat-input
[[ChromeDriver: chrome on WINDOWS (dc101ba4c498ccb9276a2646b38dd1c2)] -> id: chat-input]
SheetNo: 0  row:  14    column:  2
Entertext
SheetNo: 0  row:  15    column:  1
SheetNo: 0  row:  15    column:  3
SheetNo: 0  row:  15    column:  4
SheetNo: 0  row:  15    column:  5
Click id send-button
id-------------- send-button
[[ChromeDriver: chrome on WINDOWS (dc101ba4c498ccb9276a2646b38dd1c2)] -> id: send-button]
Click
SheetNo: 0  row:  15    column:  6
SheetNo: 0  row:  15    column:  6
SheetNo: 0  row:  16    column:  1
SheetNo: 0  row:  16    column:  3
SheetNo: 0  row:  16    column:  4
SheetNo: 0  row:  16    column:  5
Click id sub_menu_17_0
id-------------- sub_menu_17_0
[[ChromeDriver: chrome on WINDOWS (dc101ba4c498ccb9276a2646b38dd1c2)] -> id: sub_menu_17_0]
Click
SheetNo: 0  row:  16    column:  6
SheetNo: 0  row:  16    column:  6
SheetNo: 0  row:  17    column:  1
SheetNo: 0  row:  18    column:  1
SheetNo: 0  row:  18    column:  3
SheetNo: 0  row:  18    column:  4
SheetNo: 0  row:  18    column:  5
Click id dislike_button_18
id-------------- dislike_button_18
[[ChromeDriver: chrome on WINDOWS (dc101ba4c498ccb9276a2646b38dd1c2)] -> id: dislike_button_18]
Click
SheetNo: 0  row:  18    column:  6
SheetNo: 0  row:  18    column:  6
SheetNo: 0  row:  19    column:  1
SheetNo: 0  row:  19    column:  3
SheetNo: 0  row:  19    column:  4
SheetNo: 0  row:  19    column:  5
Click id like_button_20
id-------------- like_button_20
[[ChromeDriver: chrome on WINDOWS (dc101ba4c498ccb9276a2646b38dd1c2)] -> id: like_button_20]
Click
SheetNo: 0  row:  19    column:  6
SheetNo: 0  row:  19    column:  6
]]></system-out>
    <system-err><![CDATA[Starting ChromeDriver 84.0.4147.30 (48b3e868b4cc0aa7e8149519690b6f6949e110a8-refs/branch-heads/4147@{#310}) on port 5196
Only local connections are allowed.
Please see https://chromedriver.chromium.org/security-considerations for suggestions on keeping ChromeDriver safe.
ChromeDriver was started successfully.
Aug 27, 2020 2:53:52 PM org.openqa.selenium.remote.ProtocolHandshake createSession
INFO: Detected dialect: W3C
]]></system-err>
  </testcase>
  <testcase name="printerTest[webdriver.chrome.driver, src\\test\\resources\\chromedriver_win32\\chromedriver.exe, http://localhost:4200/, 2](1)" classname="com.isl.rnd.chatbotui.InternetExplorer" time="183.557">
    <system-out><![CDATA[2
58
webdriver.chrome.driver   src\\test\\resources\\chromedriver_win32\\chromedriver.exe
SheetNo: 2  row:  1    column:  1
SheetNo: 2  row:  1    column:  3
SheetNo: 2  row:  1    column:  4
SheetNo: 2  row:  1    column:  5
Click id chat-button
id-------------- chat-button
[[ChromeDriver: chrome on WINDOWS (9e7b2672081884e7dd11a9305101ceea)] -> id: chat-button]
Click
SheetNo: 2  row:  1    column:  6
SheetNo: 2  row:  1    column:  6
SheetNo: 2  row:  2    column:  1
SheetNo: 2  row:  2    column:  3
SheetNo: 2  row:  2    column:  4
SheetNo: 2  row:  2    column:  5
Click id main_menu_0_4
id-------------- main_menu_0_4
[[ChromeDriver: chrome on WINDOWS (9e7b2672081884e7dd11a9305101ceea)] -> id: main_menu_0_4]
Click
SheetNo: 2  row:  2    column:  6
SheetNo: 2  row:  2    column:  6
SheetNo: 2  row:  3    column:  1
SheetNo: 2  row:  3    column:  3
SheetNo: 2  row:  3    column:  4
SheetNo: 2  row:  3    column:  5
Click id sub_menu_2_0
id-------------- sub_menu_2_0
[[ChromeDriver: chrome on WINDOWS (9e7b2672081884e7dd11a9305101ceea)] -> id: sub_menu_2_0]
Click
SheetNo: 2  row:  3    column:  6
SheetNo: 2  row:  3    column:  6
SheetNo: 2  row:  4    column:  1
SheetNo: 2  row:  5    column:  1
SheetNo: 2  row:  5    column:  3
SheetNo: 2  row:  5    column:  4
SheetNo: 2  row:  5    column:  5
Click id like_button_3
id-------------- like_button_3
[[ChromeDriver: chrome on WINDOWS (9e7b2672081884e7dd11a9305101ceea)] -> id: like_button_3]
Click
SheetNo: 2  row:  5    column:  6
SheetNo: 2  row:  5    column:  6
SheetNo: 2  row:  6    column:  1
SheetNo: 2  row:  6    column:  3
SheetNo: 2  row:  6    column:  4
SheetNo: 2  row:  6    column:  5
Click id like_button_5
id-------------- like_button_5
[[ChromeDriver: chrome on WINDOWS (9e7b2672081884e7dd11a9305101ceea)] -> id: like_button_5]
Click
SheetNo: 2  row:  6    column:  6
SheetNo: 2  row:  6    column:  6
SheetNo: 2  row:  7    column:  1
SheetNo: 2  row:  7    column:  3
SheetNo: 2  row:  7    column:  4
SheetNo: 2  row:  7    column:  5
Entertext id chat-input
id-------------- chat-input
[[ChromeDriver: chrome on WINDOWS (9e7b2672081884e7dd11a9305101ceea)] -> id: chat-input]
SheetNo: 2  row:  7    column:  2
Entertext
SheetNo: 2  row:  8    column:  1
SheetNo: 2  row:  8    column:  3
SheetNo: 2  row:  8    column:  4
SheetNo: 2  row:  8    column:  5
Click id send-button
id-------------- send-button
[[ChromeDriver: chrome on WINDOWS (9e7b2672081884e7dd11a9305101ceea)] -> id: send-button]
Click
SheetNo: 2  row:  8    column:  6
SheetNo: 2  row:  8    column:  6
SheetNo: 2  row:  9    column:  1
SheetNo: 2  row:  9    column:  3
SheetNo: 2  row:  9    column:  4
SheetNo: 2  row:  9    column:  5
Click id sub_menu_9_0
id-------------- sub_menu_9_0
[[ChromeDriver: chrome on WINDOWS (9e7b2672081884e7dd11a9305101ceea)] -> id: sub_menu_9_0]
Click
SheetNo: 2  row:  9    column:  6
SheetNo: 2  row:  9    column:  6
SheetNo: 2  row:  10    column:  1
SheetNo: 2  row:  11    column:  1
SheetNo: 2  row:  11    column:  3
SheetNo: 2  row:  11    column:  4
SheetNo: 2  row:  11    column:  5
Click id dislike_button_10
id-------------- dislike_button_10
[[ChromeDriver: chrome on WINDOWS (9e7b2672081884e7dd11a9305101ceea)] -> id: dislike_button_10]
Click
SheetNo: 2  row:  11    column:  6
SheetNo: 2  row:  11    column:  6
SheetNo: 2  row:  12    column:  1
SheetNo: 2  row:  12    column:  3
SheetNo: 2  row:  12    column:  4
SheetNo: 2  row:  12    column:  5
Click id dislike_button_12
id-------------- dislike_button_12
[[ChromeDriver: chrome on WINDOWS (9e7b2672081884e7dd11a9305101ceea)] -> id: dislike_button_12]
Click
SheetNo: 2  row:  12    column:  6
SheetNo: 2  row:  12    column:  6
SheetNo: 2  row:  13    column:  1
SheetNo: 2  row:  13    column:  3
SheetNo: 2  row:  13    column:  4
SheetNo: 2  row:  13    column:  5
Click id like_button_13
id-------------- like_button_13
[[ChromeDriver: chrome on WINDOWS (9e7b2672081884e7dd11a9305101ceea)] -> id: like_button_13]
Click
SheetNo: 2  row:  13    column:  6
SheetNo: 2  row:  13    column:  6
SheetNo: 2  row:  14    column:  1
SheetNo: 2  row:  14    column:  3
SheetNo: 2  row:  14    column:  4
SheetNo: 2  row:  14    column:  5
Entertext id chat-input
id-------------- chat-input
[[ChromeDriver: chrome on WINDOWS (9e7b2672081884e7dd11a9305101ceea)] -> id: chat-input]
SheetNo: 2  row:  14    column:  2
Entertext
SheetNo: 2  row:  15    column:  1
SheetNo: 2  row:  15    column:  3
SheetNo: 2  row:  15    column:  4
SheetNo: 2  row:  15    column:  5
Click id send-button
id-------------- send-button
[[ChromeDriver: chrome on WINDOWS (9e7b2672081884e7dd11a9305101ceea)] -> id: send-button]
Click
SheetNo: 2  row:  15    column:  6
SheetNo: 2  row:  15    column:  6
SheetNo: 2  row:  16    column:  1
SheetNo: 2  row:  16    column:  3
SheetNo: 2  row:  16    column:  4
SheetNo: 2  row:  16    column:  5
Click id sub_menu_17_0
id-------------- sub_menu_17_0
[[ChromeDriver: chrome on WINDOWS (9e7b2672081884e7dd11a9305101ceea)] -> id: sub_menu_17_0]
Click
SheetNo: 2  row:  16    column:  6
SheetNo: 2  row:  16    column:  6
SheetNo: 2  row:  17    column:  1
SheetNo: 2  row:  18    column:  1
SheetNo: 2  row:  18    column:  3
SheetNo: 2  row:  18    column:  4
SheetNo: 2  row:  18    column:  5
Click id dislike_button_18
id-------------- dislike_button_18
[[ChromeDriver: chrome on WINDOWS (9e7b2672081884e7dd11a9305101ceea)] -> id: dislike_button_18]
Click
SheetNo: 2  row:  18    column:  6
SheetNo: 2  row:  18    column:  6
SheetNo: 2  row:  19    column:  1
SheetNo: 2  row:  19    column:  3
SheetNo: 2  row:  19    column:  4
SheetNo: 2  row:  19    column:  5
Click id like_button_20
id-------------- like_button_20
[[ChromeDriver: chrome on WINDOWS (9e7b2672081884e7dd11a9305101ceea)] -> id: like_button_20]
Click
SheetNo: 2  row:  19    column:  6
SheetNo: 2  row:  19    column:  6
SheetNo: 2  row:  20    column:  1
SheetNo: 2  row:  20    column:  3
SheetNo: 2  row:  20    column:  4
SheetNo: 2  row:  20    column:  5
Entertext id chat-input
id-------------- chat-input
[[ChromeDriver: chrome on WINDOWS (9e7b2672081884e7dd11a9305101ceea)] -> id: chat-input]
SheetNo: 2  row:  20    column:  2
Entertext
SheetNo: 2  row:  21    column:  1
SheetNo: 2  row:  21    column:  3
SheetNo: 2  row:  21    column:  4
SheetNo: 2  row:  21    column:  5
Click id send-button
id-------------- send-button
[[ChromeDriver: chrome on WINDOWS (9e7b2672081884e7dd11a9305101ceea)] -> id: send-button]
Click
SheetNo: 2  row:  21    column:  6
SheetNo: 2  row:  21    column:  6
SheetNo: 2  row:  22    column:  1
SheetNo: 2  row:  22    column:  3
SheetNo: 2  row:  22    column:  4
SheetNo: 2  row:  22    column:  5
Click id sub_menu_25_1
id-------------- sub_menu_25_1
[[ChromeDriver: chrome on WINDOWS (9e7b2672081884e7dd11a9305101ceea)] -> id: sub_menu_25_1]
Click
SheetNo: 2  row:  22    column:  6
SheetNo: 2  row:  22    column:  6
SheetNo: 2  row:  23    column:  1
SheetNo: 2  row:  24    column:  1
SheetNo: 2  row:  24    column:  3
SheetNo: 2  row:  24    column:  4
SheetNo: 2  row:  24    column:  5
Click id like_button_26
id-------------- like_button_26
[[ChromeDriver: chrome on WINDOWS (9e7b2672081884e7dd11a9305101ceea)] -> id: like_button_26]
Click
SheetNo: 2  row:  24    column:  6
SheetNo: 2  row:  24    column:  6
SheetNo: 2  row:  25    column:  1
SheetNo: 2  row:  25    column:  3
SheetNo: 2  row:  25    column:  4
SheetNo: 2  row:  25    column:  5
Click id like_button_28
id-------------- like_button_28
[[ChromeDriver: chrome on WINDOWS (9e7b2672081884e7dd11a9305101ceea)] -> id: like_button_28]
Click
SheetNo: 2  row:  25    column:  6
SheetNo: 2  row:  25    column:  6
SheetNo: 2  row:  26    column:  1
SheetNo: 2  row:  26    column:  3
SheetNo: 2  row:  26    column:  4
SheetNo: 2  row:  26    column:  5
Entertext id chat-input
id-------------- chat-input
[[ChromeDriver: chrome on WINDOWS (9e7b2672081884e7dd11a9305101ceea)] -> id: chat-input]
SheetNo: 2  row:  26    column:  2
Entertext
SheetNo: 2  row:  27    column:  1
SheetNo: 2  row:  27    column:  3
SheetNo: 2  row:  27    column:  4
SheetNo: 2  row:  27    column:  5
Click id send-button
id-------------- send-button
[[ChromeDriver: chrome on WINDOWS (9e7b2672081884e7dd11a9305101ceea)] -> id: send-button]
Click
SheetNo: 2  row:  27    column:  6
SheetNo: 2  row:  27    column:  6
SheetNo: 2  row:  28    column:  1
SheetNo: 2  row:  28    column:  3
SheetNo: 2  row:  28    column:  4
SheetNo: 2  row:  28    column:  5
Click id sub_menu_32_1
id-------------- sub_menu_32_1
[[ChromeDriver: chrome on WINDOWS (9e7b2672081884e7dd11a9305101ceea)] -> id: sub_menu_32_1]
Click
SheetNo: 2  row:  28    column:  6
SheetNo: 2  row:  28    column:  6
SheetNo: 2  row:  29    column:  1
SheetNo: 2  row:  30    column:  1
SheetNo: 2  row:  30    column:  3
SheetNo: 2  row:  30    column:  4
SheetNo: 2  row:  30    column:  5
Click id dislike_button_33
id-------------- dislike_button_33
[[ChromeDriver: chrome on WINDOWS (9e7b2672081884e7dd11a9305101ceea)] -> id: dislike_button_33]
Click
SheetNo: 2  row:  30    column:  6
SheetNo: 2  row:  30    column:  6
SheetNo: 2  row:  31    column:  1
SheetNo: 2  row:  31    column:  3
SheetNo: 2  row:  31    column:  4
SheetNo: 2  row:  31    column:  5
Click id dislike_button_35
id-------------- dislike_button_35
[[ChromeDriver: chrome on WINDOWS (9e7b2672081884e7dd11a9305101ceea)] -> id: dislike_button_35]
Click
SheetNo: 2  row:  31    column:  6
SheetNo: 2  row:  31    column:  6
SheetNo: 2  row:  32    column:  1
SheetNo: 2  row:  32    column:  3
SheetNo: 2  row:  32    column:  4
SheetNo: 2  row:  32    column:  5
Click id like_button_36
id-------------- like_button_36
[[ChromeDriver: chrome on WINDOWS (9e7b2672081884e7dd11a9305101ceea)] -> id: like_button_36]
Click
SheetNo: 2  row:  32    column:  6
SheetNo: 2  row:  32    column:  6
SheetNo: 2  row:  33    column:  1
SheetNo: 2  row:  33    column:  3
SheetNo: 2  row:  33    column:  4
SheetNo: 2  row:  33    column:  5
Entertext id chat-input
id-------------- chat-input
[[ChromeDriver: chrome on WINDOWS (9e7b2672081884e7dd11a9305101ceea)] -> id: chat-input]
SheetNo: 2  row:  33    column:  2
Entertext
SheetNo: 2  row:  34    column:  1
SheetNo: 2  row:  34    column:  3
SheetNo: 2  row:  34    column:  4
SheetNo: 2  row:  34    column:  5
Click id send-button
id-------------- send-button
[[ChromeDriver: chrome on WINDOWS (9e7b2672081884e7dd11a9305101ceea)] -> id: send-button]
Click
SheetNo: 2  row:  34    column:  6
SheetNo: 2  row:  34    column:  6
SheetNo: 2  row:  35    column:  1
SheetNo: 2  row:  35    column:  3
SheetNo: 2  row:  35    column:  4
SheetNo: 2  row:  35    column:  5
Click id sub_menu_40_1
id-------------- sub_menu_40_1
[[ChromeDriver: chrome on WINDOWS (9e7b2672081884e7dd11a9305101ceea)] -> id: sub_menu_40_1]
Click
SheetNo: 2  row:  35    column:  6
SheetNo: 2  row:  35    column:  6
SheetNo: 2  row:  36    column:  1
SheetNo: 2  row:  37    column:  1
SheetNo: 2  row:  37    column:  3
SheetNo: 2  row:  37    column:  4
SheetNo: 2  row:  37    column:  5
Click id dislike_button_41
id-------------- dislike_button_41
[[ChromeDriver: chrome on WINDOWS (9e7b2672081884e7dd11a9305101ceea)] -> id: dislike_button_41]
Click
SheetNo: 2  row:  37    column:  6
SheetNo: 2  row:  37    column:  6
SheetNo: 2  row:  38    column:  1
SheetNo: 2  row:  38    column:  3
SheetNo: 2  row:  38    column:  4
SheetNo: 2  row:  38    column:  5
Click id like_button_43
id-------------- like_button_43
[[ChromeDriver: chrome on WINDOWS (9e7b2672081884e7dd11a9305101ceea)] -> id: like_button_43]
Click
SheetNo: 2  row:  38    column:  6
SheetNo: 2  row:  38    column:  6
SheetNo: 2  row:  39    column:  1
SheetNo: 2  row:  39    column:  3
SheetNo: 2  row:  39    column:  4
SheetNo: 2  row:  39    column:  5
Entertext id chat-input
id-------------- chat-input
[[ChromeDriver: chrome on WINDOWS (9e7b2672081884e7dd11a9305101ceea)] -> id: chat-input]
SheetNo: 2  row:  39    column:  2
Entertext
SheetNo: 2  row:  40    column:  1
SheetNo: 2  row:  40    column:  3
SheetNo: 2  row:  40    column:  4
SheetNo: 2  row:  40    column:  5
Click id send-button
id-------------- send-button
[[ChromeDriver: chrome on WINDOWS (9e7b2672081884e7dd11a9305101ceea)] -> id: send-button]
Click
SheetNo: 2  row:  40    column:  6
SheetNo: 2  row:  40    column:  6
SheetNo: 2  row:  41    column:  1
SheetNo: 2  row:  41    column:  3
SheetNo: 2  row:  41    column:  4
SheetNo: 2  row:  41    column:  5
Click id sub_menu_48_2
id-------------- sub_menu_48_2
[[ChromeDriver: chrome on WINDOWS (9e7b2672081884e7dd11a9305101ceea)] -> id: sub_menu_48_2]
Click
SheetNo: 2  row:  41    column:  6
SheetNo: 2  row:  41    column:  6
SheetNo: 2  row:  42    column:  1
SheetNo: 2  row:  43    column:  1
SheetNo: 2  row:  43    column:  3
SheetNo: 2  row:  43    column:  4
SheetNo: 2  row:  43    column:  5
Click id like_button_49
id-------------- like_button_49
[[ChromeDriver: chrome on WINDOWS (9e7b2672081884e7dd11a9305101ceea)] -> id: like_button_49]
Click
SheetNo: 2  row:  43    column:  6
SheetNo: 2  row:  43    column:  6
SheetNo: 2  row:  44    column:  1
SheetNo: 2  row:  44    column:  3
SheetNo: 2  row:  44    column:  4
SheetNo: 2  row:  44    column:  5
Click id like_button_51
id-------------- like_button_51
[[ChromeDriver: chrome on WINDOWS (9e7b2672081884e7dd11a9305101ceea)] -> id: like_button_51]
Click
SheetNo: 2  row:  44    column:  6
SheetNo: 2  row:  44    column:  6
SheetNo: 2  row:  45    column:  1
SheetNo: 2  row:  45    column:  3
SheetNo: 2  row:  45    column:  4
SheetNo: 2  row:  45    column:  5
Entertext id chat-input
id-------------- chat-input
[[ChromeDriver: chrome on WINDOWS (9e7b2672081884e7dd11a9305101ceea)] -> id: chat-input]
SheetNo: 2  row:  45    column:  2
Entertext
SheetNo: 2  row:  46    column:  1
SheetNo: 2  row:  46    column:  3
SheetNo: 2  row:  46    column:  4
SheetNo: 2  row:  46    column:  5
Click id send-button
id-------------- send-button
[[ChromeDriver: chrome on WINDOWS (9e7b2672081884e7dd11a9305101ceea)] -> id: send-button]
Click
SheetNo: 2  row:  46    column:  6
SheetNo: 2  row:  46    column:  6
SheetNo: 2  row:  47    column:  1
SheetNo: 2  row:  47    column:  3
SheetNo: 2  row:  47    column:  4
SheetNo: 2  row:  47    column:  5
Click id sub_menu_55_2
id-------------- sub_menu_55_2
[[ChromeDriver: chrome on WINDOWS (9e7b2672081884e7dd11a9305101ceea)] -> id: sub_menu_55_2]
Click
SheetNo: 2  row:  47    column:  6
SheetNo: 2  row:  47    column:  6
SheetNo: 2  row:  48    column:  1
SheetNo: 2  row:  49    column:  1
SheetNo: 2  row:  49    column:  3
SheetNo: 2  row:  49    column:  4
SheetNo: 2  row:  49    column:  5
Click id dislike_button_56
id-------------- dislike_button_56
[[ChromeDriver: chrome on WINDOWS (9e7b2672081884e7dd11a9305101ceea)] -> id: dislike_button_56]
Click
SheetNo: 2  row:  49    column:  6
SheetNo: 2  row:  49    column:  6
SheetNo: 2  row:  50    column:  1
SheetNo: 2  row:  50    column:  3
SheetNo: 2  row:  50    column:  4
SheetNo: 2  row:  50    column:  5
Click id dislike_button_58
id-------------- dislike_button_58
[[ChromeDriver: chrome on WINDOWS (9e7b2672081884e7dd11a9305101ceea)] -> id: dislike_button_58]
Click
SheetNo: 2  row:  50    column:  6
SheetNo: 2  row:  50    column:  6
SheetNo: 2  row:  51    column:  1
SheetNo: 2  row:  51    column:  3
SheetNo: 2  row:  51    column:  4
SheetNo: 2  row:  51    column:  5
Click id like_button_59
id-------------- like_button_59
[[ChromeDriver: chrome on WINDOWS (9e7b2672081884e7dd11a9305101ceea)] -> id: like_button_59]
Click
SheetNo: 2  row:  51    column:  6
SheetNo: 2  row:  51    column:  6
SheetNo: 2  row:  52    column:  1
SheetNo: 2  row:  52    column:  3
SheetNo: 2  row:  52    column:  4
SheetNo: 2  row:  52    column:  5
Entertext id chat-input
id-------------- chat-input
[[ChromeDriver: chrome on WINDOWS (9e7b2672081884e7dd11a9305101ceea)] -> id: chat-input]
SheetNo: 2  row:  52    column:  2
Entertext
SheetNo: 2  row:  53    column:  1
SheetNo: 2  row:  53    column:  3
SheetNo: 2  row:  53    column:  4
SheetNo: 2  row:  53    column:  5
Click id send-button
id-------------- send-button
[[ChromeDriver: chrome on WINDOWS (9e7b2672081884e7dd11a9305101ceea)] -> id: send-button]
Click
SheetNo: 2  row:  53    column:  6
SheetNo: 2  row:  53    column:  6
SheetNo: 2  row:  54    column:  1
SheetNo: 2  row:  54    column:  3
SheetNo: 2  row:  54    column:  4
SheetNo: 2  row:  54    column:  5
Click id sub_menu_63_2
id-------------- sub_menu_63_2
[[ChromeDriver: chrome on WINDOWS (9e7b2672081884e7dd11a9305101ceea)] -> id: sub_menu_63_2]
Click
SheetNo: 2  row:  54    column:  6
SheetNo: 2  row:  54    column:  6
SheetNo: 2  row:  55    column:  1
SheetNo: 2  row:  56    column:  1
SheetNo: 2  row:  56    column:  3
SheetNo: 2  row:  56    column:  4
SheetNo: 2  row:  56    column:  5
Click id dislike_button_64
id-------------- dislike_button_64
[[ChromeDriver: chrome on WINDOWS (9e7b2672081884e7dd11a9305101ceea)] -> id: dislike_button_64]
Click
SheetNo: 2  row:  56    column:  6
SheetNo: 2  row:  56    column:  6
SheetNo: 2  row:  57    column:  1
SheetNo: 2  row:  57    column:  3
SheetNo: 2  row:  57    column:  4
SheetNo: 2  row:  57    column:  5
Click id like_button_66
id-------------- like_button_66
[[ChromeDriver: chrome on WINDOWS (9e7b2672081884e7dd11a9305101ceea)] -> id: like_button_66]
Click
SheetNo: 2  row:  57    column:  6
SheetNo: 2  row:  57    column:  6
]]></system-out>
    <system-err><![CDATA[Starting ChromeDriver 84.0.4147.30 (48b3e868b4cc0aa7e8149519690b6f6949e110a8-refs/branch-heads/4147@{#310}) on port 31916
Only local connections are allowed.
Please see https://chromedriver.chromium.org/security-considerations for suggestions on keeping ChromeDriver safe.
ChromeDriver was started successfully.
Aug 27, 2020 2:55:11 PM org.openqa.selenium.remote.ProtocolHandshake createSession
INFO: Detected dialect: W3C
]]></system-err>
  </testcase>
  <testcase name="printerTest[webdriver.chrome.driver, src\\test\\resources\\chromedriver_win32\\chromedriver.exe, http://localhost:4200/, 3](1)" classname="com.isl.rnd.chatbotui.Mobility" time="182.465">
    <system-out><![CDATA[3
58
webdriver.chrome.driver   src\\test\\resources\\chromedriver_win32\\chromedriver.exe
SheetNo: 3  row:  1    column:  1
SheetNo: 3  row:  1    column:  3
SheetNo: 3  row:  1    column:  4
SheetNo: 3  row:  1    column:  5
Click id chat-button
id-------------- chat-button
[[ChromeDriver: chrome on WINDOWS (242683bb4a53a801686bb966412acd88)] -> id: chat-button]
Click
SheetNo: 3  row:  1    column:  6
SheetNo: 3  row:  1    column:  6
SheetNo: 3  row:  2    column:  1
SheetNo: 3  row:  2    column:  3
SheetNo: 3  row:  2    column:  4
SheetNo: 3  row:  2    column:  5
Click id main_menu_0_5
id-------------- main_menu_0_5
[[ChromeDriver: chrome on WINDOWS (242683bb4a53a801686bb966412acd88)] -> id: main_menu_0_5]
Click
SheetNo: 3  row:  2    column:  6
SheetNo: 3  row:  2    column:  6
SheetNo: 3  row:  3    column:  1
SheetNo: 3  row:  3    column:  3
SheetNo: 3  row:  3    column:  4
SheetNo: 3  row:  3    column:  5
Click id sub_menu_2_0
id-------------- sub_menu_2_0
[[ChromeDriver: chrome on WINDOWS (242683bb4a53a801686bb966412acd88)] -> id: sub_menu_2_0]
Click
SheetNo: 3  row:  3    column:  6
SheetNo: 3  row:  3    column:  6
SheetNo: 3  row:  4    column:  1
SheetNo: 3  row:  5    column:  1
SheetNo: 3  row:  5    column:  3
SheetNo: 3  row:  5    column:  4
SheetNo: 3  row:  5    column:  5
Click id like_button_3
id-------------- like_button_3
[[ChromeDriver: chrome on WINDOWS (242683bb4a53a801686bb966412acd88)] -> id: like_button_3]
Click
SheetNo: 3  row:  5    column:  6
SheetNo: 3  row:  5    column:  6
SheetNo: 3  row:  6    column:  1
SheetNo: 3  row:  6    column:  3
SheetNo: 3  row:  6    column:  4
SheetNo: 3  row:  6    column:  5
Click id like_button_5
id-------------- like_button_5
[[ChromeDriver: chrome on WINDOWS (242683bb4a53a801686bb966412acd88)] -> id: like_button_5]
Click
SheetNo: 3  row:  6    column:  6
SheetNo: 3  row:  6    column:  6
SheetNo: 3  row:  7    column:  1
SheetNo: 3  row:  7    column:  3
SheetNo: 3  row:  7    column:  4
SheetNo: 3  row:  7    column:  5
Entertext id chat-input
id-------------- chat-input
[[ChromeDriver: chrome on WINDOWS (242683bb4a53a801686bb966412acd88)] -> id: chat-input]
SheetNo: 3  row:  7    column:  2
Entertext
SheetNo: 3  row:  8    column:  1
SheetNo: 3  row:  8    column:  3
SheetNo: 3  row:  8    column:  4
SheetNo: 3  row:  8    column:  5
Click id send-button
id-------------- send-button
[[ChromeDriver: chrome on WINDOWS (242683bb4a53a801686bb966412acd88)] -> id: send-button]
Click
SheetNo: 3  row:  8    column:  6
SheetNo: 3  row:  8    column:  6
SheetNo: 3  row:  9    column:  1
SheetNo: 3  row:  9    column:  3
SheetNo: 3  row:  9    column:  4
SheetNo: 3  row:  9    column:  5
Click id sub_menu_9_0
id-------------- sub_menu_9_0
[[ChromeDriver: chrome on WINDOWS (242683bb4a53a801686bb966412acd88)] -> id: sub_menu_9_0]
Click
SheetNo: 3  row:  9    column:  6
SheetNo: 3  row:  9    column:  6
SheetNo: 3  row:  10    column:  1
SheetNo: 3  row:  11    column:  1
SheetNo: 3  row:  11    column:  3
SheetNo: 3  row:  11    column:  4
SheetNo: 3  row:  11    column:  5
Click id dislike_button_10
id-------------- dislike_button_10
[[ChromeDriver: chrome on WINDOWS (242683bb4a53a801686bb966412acd88)] -> id: dislike_button_10]
Click
SheetNo: 3  row:  11    column:  6
SheetNo: 3  row:  11    column:  6
SheetNo: 3  row:  12    column:  1
SheetNo: 3  row:  12    column:  3
SheetNo: 3  row:  12    column:  4
SheetNo: 3  row:  12    column:  5
Click id dislike_button_12
id-------------- dislike_button_12
[[ChromeDriver: chrome on WINDOWS (242683bb4a53a801686bb966412acd88)] -> id: dislike_button_12]
Click
SheetNo: 3  row:  12    column:  6
SheetNo: 3  row:  12    column:  6
SheetNo: 3  row:  13    column:  1
SheetNo: 3  row:  13    column:  3
SheetNo: 3  row:  13    column:  4
SheetNo: 3  row:  13    column:  5
Click id like_button_13
id-------------- like_button_13
[[ChromeDriver: chrome on WINDOWS (242683bb4a53a801686bb966412acd88)] -> id: like_button_13]
Click
SheetNo: 3  row:  13    column:  6
SheetNo: 3  row:  13    column:  6
SheetNo: 3  row:  14    column:  1
SheetNo: 3  row:  14    column:  3
SheetNo: 3  row:  14    column:  4
SheetNo: 3  row:  14    column:  5
Entertext id chat-input
id-------------- chat-input
[[ChromeDriver: chrome on WINDOWS (242683bb4a53a801686bb966412acd88)] -> id: chat-input]
SheetNo: 3  row:  14    column:  2
Entertext
SheetNo: 3  row:  15    column:  1
SheetNo: 3  row:  15    column:  3
SheetNo: 3  row:  15    column:  4
SheetNo: 3  row:  15    column:  5
Click id send-button
id-------------- send-button
[[ChromeDriver: chrome on WINDOWS (242683bb4a53a801686bb966412acd88)] -> id: send-button]
Click
SheetNo: 3  row:  15    column:  6
SheetNo: 3  row:  15    column:  6
SheetNo: 3  row:  16    column:  1
SheetNo: 3  row:  16    column:  3
SheetNo: 3  row:  16    column:  4
SheetNo: 3  row:  16    column:  5
Click id sub_menu_17_0
id-------------- sub_menu_17_0
[[ChromeDriver: chrome on WINDOWS (242683bb4a53a801686bb966412acd88)] -> id: sub_menu_17_0]
Click
SheetNo: 3  row:  16    column:  6
SheetNo: 3  row:  16    column:  6
SheetNo: 3  row:  17    column:  1
SheetNo: 3  row:  18    column:  1
SheetNo: 3  row:  18    column:  3
SheetNo: 3  row:  18    column:  4
SheetNo: 3  row:  18    column:  5
Click id dislike_button_18
id-------------- dislike_button_18
[[ChromeDriver: chrome on WINDOWS (242683bb4a53a801686bb966412acd88)] -> id: dislike_button_18]
Click
SheetNo: 3  row:  18    column:  6
SheetNo: 3  row:  18    column:  6
SheetNo: 3  row:  19    column:  1
SheetNo: 3  row:  19    column:  3
SheetNo: 3  row:  19    column:  4
SheetNo: 3  row:  19    column:  5
Click id like_button_20
id-------------- like_button_20
[[ChromeDriver: chrome on WINDOWS (242683bb4a53a801686bb966412acd88)] -> id: like_button_20]
Click
SheetNo: 3  row:  19    column:  6
SheetNo: 3  row:  19    column:  6
SheetNo: 3  row:  20    column:  1
SheetNo: 3  row:  20    column:  3
SheetNo: 3  row:  20    column:  4
SheetNo: 3  row:  20    column:  5
Entertext id chat-input
id-------------- chat-input
[[ChromeDriver: chrome on WINDOWS (242683bb4a53a801686bb966412acd88)] -> id: chat-input]
SheetNo: 3  row:  20    column:  2
Entertext
SheetNo: 3  row:  21    column:  1
SheetNo: 3  row:  21    column:  3
SheetNo: 3  row:  21    column:  4
SheetNo: 3  row:  21    column:  5
Click id send-button
id-------------- send-button
[[ChromeDriver: chrome on WINDOWS (242683bb4a53a801686bb966412acd88)] -> id: send-button]
Click
SheetNo: 3  row:  21    column:  6
SheetNo: 3  row:  21    column:  6
SheetNo: 3  row:  22    column:  1
SheetNo: 3  row:  22    column:  3
SheetNo: 3  row:  22    column:  4
SheetNo: 3  row:  22    column:  5
Click id sub_menu_25_1
id-------------- sub_menu_25_1
[[ChromeDriver: chrome on WINDOWS (242683bb4a53a801686bb966412acd88)] -> id: sub_menu_25_1]
Click
SheetNo: 3  row:  22    column:  6
SheetNo: 3  row:  22    column:  6
SheetNo: 3  row:  23    column:  1
SheetNo: 3  row:  24    column:  1
SheetNo: 3  row:  24    column:  3
SheetNo: 3  row:  24    column:  4
SheetNo: 3  row:  24    column:  5
Click id like_button_26
id-------------- like_button_26
[[ChromeDriver: chrome on WINDOWS (242683bb4a53a801686bb966412acd88)] -> id: like_button_26]
Click
SheetNo: 3  row:  24    column:  6
SheetNo: 3  row:  24    column:  6
SheetNo: 3  row:  25    column:  1
SheetNo: 3  row:  25    column:  3
SheetNo: 3  row:  25    column:  4
SheetNo: 3  row:  25    column:  5
Click id like_button_28
id-------------- like_button_28
[[ChromeDriver: chrome on WINDOWS (242683bb4a53a801686bb966412acd88)] -> id: like_button_28]
Click
SheetNo: 3  row:  25    column:  6
SheetNo: 3  row:  25    column:  6
SheetNo: 3  row:  26    column:  1
SheetNo: 3  row:  26    column:  3
SheetNo: 3  row:  26    column:  4
SheetNo: 3  row:  26    column:  5
Entertext id chat-input
id-------------- chat-input
[[ChromeDriver: chrome on WINDOWS (242683bb4a53a801686bb966412acd88)] -> id: chat-input]
SheetNo: 3  row:  26    column:  2
Entertext
SheetNo: 3  row:  27    column:  1
SheetNo: 3  row:  27    column:  3
SheetNo: 3  row:  27    column:  4
SheetNo: 3  row:  27    column:  5
Click id send-button
id-------------- send-button
[[ChromeDriver: chrome on WINDOWS (242683bb4a53a801686bb966412acd88)] -> id: send-button]
Click
SheetNo: 3  row:  27    column:  6
SheetNo: 3  row:  27    column:  6
SheetNo: 3  row:  28    column:  1
SheetNo: 3  row:  28    column:  3
SheetNo: 3  row:  28    column:  4
SheetNo: 3  row:  28    column:  5
Click id sub_menu_32_1
id-------------- sub_menu_32_1
[[ChromeDriver: chrome on WINDOWS (242683bb4a53a801686bb966412acd88)] -> id: sub_menu_32_1]
Click
SheetNo: 3  row:  28    column:  6
SheetNo: 3  row:  28    column:  6
SheetNo: 3  row:  29    column:  1
SheetNo: 3  row:  30    column:  1
SheetNo: 3  row:  30    column:  3
SheetNo: 3  row:  30    column:  4
SheetNo: 3  row:  30    column:  5
Click id dislike_button_33
id-------------- dislike_button_33
[[ChromeDriver: chrome on WINDOWS (242683bb4a53a801686bb966412acd88)] -> id: dislike_button_33]
Click
SheetNo: 3  row:  30    column:  6
SheetNo: 3  row:  30    column:  6
SheetNo: 3  row:  31    column:  1
SheetNo: 3  row:  31    column:  3
SheetNo: 3  row:  31    column:  4
SheetNo: 3  row:  31    column:  5
Click id dislike_button_35
id-------------- dislike_button_35
[[ChromeDriver: chrome on WINDOWS (242683bb4a53a801686bb966412acd88)] -> id: dislike_button_35]
Click
SheetNo: 3  row:  31    column:  6
SheetNo: 3  row:  31    column:  6
SheetNo: 3  row:  32    column:  1
SheetNo: 3  row:  32    column:  3
SheetNo: 3  row:  32    column:  4
SheetNo: 3  row:  32    column:  5
Click id like_button_36
id-------------- like_button_36
[[ChromeDriver: chrome on WINDOWS (242683bb4a53a801686bb966412acd88)] -> id: like_button_36]
Click
SheetNo: 3  row:  32    column:  6
SheetNo: 3  row:  32    column:  6
SheetNo: 3  row:  33    column:  1
SheetNo: 3  row:  33    column:  3
SheetNo: 3  row:  33    column:  4
SheetNo: 3  row:  33    column:  5
Entertext id chat-input
id-------------- chat-input
[[ChromeDriver: chrome on WINDOWS (242683bb4a53a801686bb966412acd88)] -> id: chat-input]
SheetNo: 3  row:  33    column:  2
Entertext
SheetNo: 3  row:  34    column:  1
SheetNo: 3  row:  34    column:  3
SheetNo: 3  row:  34    column:  4
SheetNo: 3  row:  34    column:  5
Click id send-button
id-------------- send-button
[[ChromeDriver: chrome on WINDOWS (242683bb4a53a801686bb966412acd88)] -> id: send-button]
Click
SheetNo: 3  row:  34    column:  6
SheetNo: 3  row:  34    column:  6
SheetNo: 3  row:  35    column:  1
SheetNo: 3  row:  35    column:  3
SheetNo: 3  row:  35    column:  4
SheetNo: 3  row:  35    column:  5
Click id sub_menu_40_1
id-------------- sub_menu_40_1
[[ChromeDriver: chrome on WINDOWS (242683bb4a53a801686bb966412acd88)] -> id: sub_menu_40_1]
Click
SheetNo: 3  row:  35    column:  6
SheetNo: 3  row:  35    column:  6
SheetNo: 3  row:  36    column:  1
SheetNo: 3  row:  37    column:  1
SheetNo: 3  row:  37    column:  3
SheetNo: 3  row:  37    column:  4
SheetNo: 3  row:  37    column:  5
Click id dislike_button_41
id-------------- dislike_button_41
[[ChromeDriver: chrome on WINDOWS (242683bb4a53a801686bb966412acd88)] -> id: dislike_button_41]
Click
SheetNo: 3  row:  37    column:  6
SheetNo: 3  row:  37    column:  6
SheetNo: 3  row:  38    column:  1
SheetNo: 3  row:  38    column:  3
SheetNo: 3  row:  38    column:  4
SheetNo: 3  row:  38    column:  5
Click id like_button_43
id-------------- like_button_43
[[ChromeDriver: chrome on WINDOWS (242683bb4a53a801686bb966412acd88)] -> id: like_button_43]
Click
SheetNo: 3  row:  38    column:  6
SheetNo: 3  row:  38    column:  6
SheetNo: 3  row:  39    column:  1
SheetNo: 3  row:  39    column:  3
SheetNo: 3  row:  39    column:  4
SheetNo: 3  row:  39    column:  5
Entertext id chat-input
id-------------- chat-input
[[ChromeDriver: chrome on WINDOWS (242683bb4a53a801686bb966412acd88)] -> id: chat-input]
SheetNo: 3  row:  39    column:  2
Entertext
SheetNo: 3  row:  40    column:  1
SheetNo: 3  row:  40    column:  3
SheetNo: 3  row:  40    column:  4
SheetNo: 3  row:  40    column:  5
Click id send-button
id-------------- send-button
[[ChromeDriver: chrome on WINDOWS (242683bb4a53a801686bb966412acd88)] -> id: send-button]
Click
SheetNo: 3  row:  40    column:  6
SheetNo: 3  row:  40    column:  6
SheetNo: 3  row:  41    column:  1
SheetNo: 3  row:  41    column:  3
SheetNo: 3  row:  41    column:  4
SheetNo: 3  row:  41    column:  5
Click id sub_menu_48_2
id-------------- sub_menu_48_2
[[ChromeDriver: chrome on WINDOWS (242683bb4a53a801686bb966412acd88)] -> id: sub_menu_48_2]
Click
SheetNo: 3  row:  41    column:  6
SheetNo: 3  row:  41    column:  6
SheetNo: 3  row:  42    column:  1
SheetNo: 3  row:  43    column:  1
SheetNo: 3  row:  43    column:  3
SheetNo: 3  row:  43    column:  4
SheetNo: 3  row:  43    column:  5
Click id like_button_49
id-------------- like_button_49
[[ChromeDriver: chrome on WINDOWS (242683bb4a53a801686bb966412acd88)] -> id: like_button_49]
Click
SheetNo: 3  row:  43    column:  6
SheetNo: 3  row:  43    column:  6
SheetNo: 3  row:  44    column:  1
SheetNo: 3  row:  44    column:  3
SheetNo: 3  row:  44    column:  4
SheetNo: 3  row:  44    column:  5
Click id like_button_51
id-------------- like_button_51
[[ChromeDriver: chrome on WINDOWS (242683bb4a53a801686bb966412acd88)] -> id: like_button_51]
Click
SheetNo: 3  row:  44    column:  6
SheetNo: 3  row:  44    column:  6
SheetNo: 3  row:  45    column:  1
SheetNo: 3  row:  45    column:  3
SheetNo: 3  row:  45    column:  4
SheetNo: 3  row:  45    column:  5
Entertext id chat-input
id-------------- chat-input
[[ChromeDriver: chrome on WINDOWS (242683bb4a53a801686bb966412acd88)] -> id: chat-input]
SheetNo: 3  row:  45    column:  2
Entertext
SheetNo: 3  row:  46    column:  1
SheetNo: 3  row:  46    column:  3
SheetNo: 3  row:  46    column:  4
SheetNo: 3  row:  46    column:  5
Click id send-button
id-------------- send-button
[[ChromeDriver: chrome on WINDOWS (242683bb4a53a801686bb966412acd88)] -> id: send-button]
Click
SheetNo: 3  row:  46    column:  6
SheetNo: 3  row:  46    column:  6
SheetNo: 3  row:  47    column:  1
SheetNo: 3  row:  47    column:  3
SheetNo: 3  row:  47    column:  4
SheetNo: 3  row:  47    column:  5
Click id sub_menu_55_2
id-------------- sub_menu_55_2
[[ChromeDriver: chrome on WINDOWS (242683bb4a53a801686bb966412acd88)] -> id: sub_menu_55_2]
Click
SheetNo: 3  row:  47    column:  6
SheetNo: 3  row:  47    column:  6
SheetNo: 3  row:  48    column:  1
SheetNo: 3  row:  49    column:  1
SheetNo: 3  row:  49    column:  3
SheetNo: 3  row:  49    column:  4
SheetNo: 3  row:  49    column:  5
Click id dislike_button_56
id-------------- dislike_button_56
[[ChromeDriver: chrome on WINDOWS (242683bb4a53a801686bb966412acd88)] -> id: dislike_button_56]
Click
SheetNo: 3  row:  49    column:  6
SheetNo: 3  row:  49    column:  6
SheetNo: 3  row:  50    column:  1
SheetNo: 3  row:  50    column:  3
SheetNo: 3  row:  50    column:  4
SheetNo: 3  row:  50    column:  5
Click id dislike_button_58
id-------------- dislike_button_58
[[ChromeDriver: chrome on WINDOWS (242683bb4a53a801686bb966412acd88)] -> id: dislike_button_58]
Click
SheetNo: 3  row:  50    column:  6
SheetNo: 3  row:  50    column:  6
SheetNo: 3  row:  51    column:  1
SheetNo: 3  row:  51    column:  3
SheetNo: 3  row:  51    column:  4
SheetNo: 3  row:  51    column:  5
Click id like_button_59
id-------------- like_button_59
[[ChromeDriver: chrome on WINDOWS (242683bb4a53a801686bb966412acd88)] -> id: like_button_59]
Click
SheetNo: 3  row:  51    column:  6
SheetNo: 3  row:  51    column:  6
SheetNo: 3  row:  52    column:  1
SheetNo: 3  row:  52    column:  3
SheetNo: 3  row:  52    column:  4
SheetNo: 3  row:  52    column:  5
Entertext id chat-input
id-------------- chat-input
[[ChromeDriver: chrome on WINDOWS (242683bb4a53a801686bb966412acd88)] -> id: chat-input]
SheetNo: 3  row:  52    column:  2
Entertext
SheetNo: 3  row:  53    column:  1
SheetNo: 3  row:  53    column:  3
SheetNo: 3  row:  53    column:  4
SheetNo: 3  row:  53    column:  5
Click id send-button
id-------------- send-button
[[ChromeDriver: chrome on WINDOWS (242683bb4a53a801686bb966412acd88)] -> id: send-button]
Click
SheetNo: 3  row:  53    column:  6
SheetNo: 3  row:  53    column:  6
SheetNo: 3  row:  54    column:  1
SheetNo: 3  row:  54    column:  3
SheetNo: 3  row:  54    column:  4
SheetNo: 3  row:  54    column:  5
Click id sub_menu_63_2
id-------------- sub_menu_63_2
[[ChromeDriver: chrome on WINDOWS (242683bb4a53a801686bb966412acd88)] -> id: sub_menu_63_2]
Click
SheetNo: 3  row:  54    column:  6
SheetNo: 3  row:  54    column:  6
SheetNo: 3  row:  55    column:  1
SheetNo: 3  row:  56    column:  1
SheetNo: 3  row:  56    column:  3
SheetNo: 3  row:  56    column:  4
SheetNo: 3  row:  56    column:  5
Click id dislike_button_64
id-------------- dislike_button_64
[[ChromeDriver: chrome on WINDOWS (242683bb4a53a801686bb966412acd88)] -> id: dislike_button_64]
Click
SheetNo: 3  row:  56    column:  6
SheetNo: 3  row:  56    column:  6
SheetNo: 3  row:  57    column:  1
SheetNo: 3  row:  57    column:  3
SheetNo: 3  row:  57    column:  4
SheetNo: 3  row:  57    column:  5
Click id like_button_66
id-------------- like_button_66
[[ChromeDriver: chrome on WINDOWS (242683bb4a53a801686bb966412acd88)] -> id: like_button_66]
Click
SheetNo: 3  row:  57    column:  6
SheetNo: 3  row:  57    column:  6
]]></system-out>
    <system-err><![CDATA[Starting ChromeDriver 84.0.4147.30 (48b3e868b4cc0aa7e8149519690b6f6949e110a8-refs/branch-heads/4147@{#310}) on port 37995
Only local connections are allowed.
Please see https://chromedriver.chromium.org/security-considerations for suggestions on keeping ChromeDriver safe.
ChromeDriver was started successfully.
Aug 27, 2020 2:58:15 PM org.openqa.selenium.remote.ProtocolHandshake createSession
INFO: Detected dialect: W3C
]]></system-err>
  </testcase>
</testsuite>