<?xml version="1.0" encoding="UTF-8"?>
<!-- Generated by org.testng.reporters.JUnitReportReporter -->
<testsuite skipped="0" hostname="deepak-PC" name="com.stpl.deepak.gtn.companymaster.AddCompanyTest" tests="1" failures="0" timestamp="28 Apr 2019 14:30:18 GMT" time="0.004" errors="0">
  <testcase name="addCompany" time="0.004" classname="com.stpl.deepak.gtn.companymaster.AddCompanyTest"/>
</testsuite> <!-- com.stpl.deepak.gtn.companymaster.AddCompanyTest -->
