<?xml version="1.0" encoding="UTF-8"?>
<!-- Generated by org.testng.reporters.JUnitReportReporter -->
<testsuite skipped="0" hostname="deepak-PC" name="com.isl.rnd.chatbotui.InternetExplorer" tests="1" failures="0" timestamp="16 Sep 2020 14:31:49 GMT" time="192.768" errors="0">
  <testcase name="printerTest" time="192.768" classname="com.isl.rnd.chatbotui.InternetExplorer"/>
</testsuite> <!-- com.isl.rnd.chatbotui.InternetExplorer -->
