<?xml version="1.0" encoding="UTF-8"?>
<!-- Generated by org.testng.reporters.JUnitReportReporter -->
<testsuite skipped="0" hostname="deepak-PC" name="com.isl.rnd.ChatBotUITest" tests="1" failures="0" timestamp="26 Aug 2020 08:58:34 GMT" time="0.002" errors="0">
  <testcase name="testOne" time="0.002" classname="com.isl.rnd.ChatBotUITest"/>
</testsuite> <!-- com.isl.rnd.ChatBotUITest -->
