<?xml version="1.0" encoding="UTF-8"?>
<!-- Generated by org.testng.reporters.JUnitReportReporter -->
<testsuite skipped="0" hostname="deepak-PC" name="com.isl.rnd.TestNGSimpleTest" tests="3" failures="0" timestamp="26 Aug 2020 06:45:06 GMT" time="0.008" errors="0">
  <testcase name="testAdd" time="0.005" classname="com.isl.rnd.TestNGSimpleTest"/>
  <testcase name="testCase2" time="0.002" classname="com.isl.rnd.TestNGSimpleTest"/>
  <testcase name="testCase1" time="0.001" classname="com.isl.rnd.TestNGSimpleTest"/>
</testsuite> <!-- com.isl.rnd.TestNGSimpleTest -->
