<?xml version="1.0" encoding="UTF-8"?>
<!-- Generated by org.testng.reporters.JUnitReportReporter -->
<testsuite skipped="0" hostname="deepak-PC" name="com.isl.rnd.chatbotui.ChatBotUI" tests="1" failures="0" timestamp="27 Aug 2020 09:31:14 GMT" time="123.510" errors="0">
  <testcase name="testOutlook" time="123.510" classname="com.isl.rnd.chatbotui.ChatBotUI"/>
</testsuite> <!-- com.isl.rnd.chatbotui.ChatBotUI -->
