<?xml version="1.0" encoding="UTF-8"?>
<!-- Generated by org.testng.reporters.JUnitReportReporter -->
<testsuite skipped="0" hostname="deepak-PC" name="com.isl.rnd.chatbotui.Printer" tests="1" failures="0" timestamp="16 Sep 2020 14:31:49 GMT" time="91.512" errors="0">
  <testcase name="printerTest" time="91.512" classname="com.isl.rnd.chatbotui.Printer"/>
</testsuite> <!-- com.isl.rnd.chatbotui.Printer -->
