<?xml version="1.0" encoding="UTF-8"?>
<!-- Generated by org.testng.reporters.JUnitReportReporter -->
<testsuite skipped="0" hostname="deepak-PC" name="com.isl.rnd.chatbotui.PrinterTest" tests="1" failures="0" timestamp="26 Aug 2020 11:22:54 GMT" time="40.427" errors="0">
  <testcase name="printerTest" time="40.427" classname="com.isl.rnd.chatbotui.PrinterTest"/>
</testsuite> <!-- com.isl.rnd.chatbotui.PrinterTest -->
